<?xml version="1.0" encoding="UTF-8"?>
<coverage generated="1751029610849" clover="3.2.0">
  <project timestamp="1751029610849" name="All files">
    <metrics statements="317" coveredstatements="164" conditionals="275" coveredconditionals="162" methods="105" coveredmethods="54" elements="697" coveredelements="380" complexity="0" loc="317" ncloc="317" packages="11" files="17" classes="17"/>
    <package name="app">
      <metrics statements="7" coveredstatements="7" conditionals="0" coveredconditionals="0" methods="1" coveredmethods="1"/>
      <file name="store.ts" path="/Users/sitan/Desktop/Site fin d'annee/Dev3_new/AstroMood_app/frontend/app/store.ts">
        <metrics statements="7" coveredstatements="7" conditionals="0" coveredconditionals="0" methods="1" coveredmethods="1"/>
        <line num="9" count="4" type="stmt"/>
        <line num="14" count="4" type="stmt"/>
        <line num="19" count="4" type="stmt"/>
        <line num="20" count="4" type="stmt"/>
        <line num="22" count="4" type="stmt"/>
        <line num="29" count="4" type="stmt"/>
        <line num="36" count="4" type="stmt"/>
      </file>
    </package>
    <package name="features.auth">
      <metrics statements="126" coveredstatements="29" conditionals="84" coveredconditionals="9" methods="26" coveredmethods="9"/>
      <file name="AuthHomeScreen.tsx" path="/Users/sitan/Desktop/Site fin d'annee/Dev3_new/AstroMood_app/frontend/features/auth/AuthHomeScreen.tsx">
        <metrics statements="7" coveredstatements="5" conditionals="2" coveredconditionals="1" methods="4" coveredmethods="2"/>
        <line num="10" count="7" type="stmt"/>
        <line num="12" count="12" type="stmt"/>
        <line num="14" count="6" type="stmt"/>
        <line num="16" count="6" type="cond" truecount="1" falsecount="1"/>
        <line num="20" count="6" type="stmt"/>
        <line num="50" count="0" type="stmt"/>
        <line num="73" count="0" type="stmt"/>
      </file>
      <file name="AuthSlice.ts" path="/Users/sitan/Desktop/Site fin d'annee/Dev3_new/AstroMood_app/frontend/features/auth/AuthSlice.ts">
        <metrics statements="15" coveredstatements="3" conditionals="2" coveredconditionals="0" methods="5" coveredmethods="0"/>
        <line num="28" count="6" type="stmt"/>
        <line num="35" count="6" type="stmt"/>
        <line num="40" count="0" type="stmt"/>
        <line num="43" count="0" type="stmt"/>
        <line num="46" count="0" type="stmt"/>
        <line num="47" count="0" type="stmt"/>
        <line num="48" count="0" type="stmt"/>
        <line num="49" count="0" type="stmt"/>
        <line num="52" count="0" type="cond" truecount="0" falsecount="2"/>
        <line num="53" count="0" type="stmt"/>
        <line num="57" count="0" type="stmt"/>
        <line num="58" count="0" type="stmt"/>
        <line num="59" count="0" type="stmt"/>
        <line num="60" count="0" type="stmt"/>
        <line num="66" count="6" type="stmt"/>
      </file>
      <file name="SignUpScreen.tsx" path="/Users/sitan/Desktop/Site fin d'annee/Dev3_new/AstroMood_app/frontend/features/auth/SignUpScreen.tsx">
        <metrics statements="34" coveredstatements="16" conditionals="22" coveredconditionals="8" methods="11" coveredmethods="7"/>
        <line num="16" count="169" type="stmt"/>
        <line num="18" count="169" type="stmt"/>
        <line num="19" count="169" type="stmt"/>
        <line num="30" count="169" type="stmt"/>
        <line num="31" count="99" type="stmt"/>
        <line num="33" count="169" type="stmt"/>
        <line num="34" count="169" type="stmt"/>
        <line num="36" count="169" type="stmt"/>
        <line num="37" count="5" type="stmt"/>
        <line num="38" count="5" type="cond" truecount="2" falsecount="4"/>
        <line num="39" count="5" type="stmt"/>
        <line num="40" count="5" type="stmt"/>
        <line num="42" count="0" type="stmt"/>
        <line num="43" count="0" type="stmt"/>
        <line num="44" count="0" type="stmt"/>
        <line num="45" count="0" type="stmt"/>
        <line num="49" count="0" type="stmt"/>
        <line num="50" count="0" type="cond" truecount="0" falsecount="4"/>
        <line num="51" count="0" type="stmt"/>
        <line num="52" count="0" type="stmt"/>
        <line num="65" count="0" type="cond" truecount="0" falsecount="2"/>
        <line num="66" count="0" type="stmt"/>
        <line num="69" count="0" type="stmt"/>
        <line num="70" count="0" type="stmt"/>
        <line num="73" count="0" type="stmt"/>
        <line num="74" count="0" type="stmt"/>
        <line num="78" count="169" type="stmt"/>
        <line num="79" count="169" type="stmt"/>
        <line num="81" count="169" type="stmt"/>
        <line num="87" count="0" type="stmt"/>
        <line num="90" count="0" type="cond" truecount="0" falsecount="2"/>
        <line num="91" count="0" type="stmt"/>
        <line num="93" count="0" type="stmt"/>
        <line num="109" count="169" type="stmt"/>
      </file>
      <file name="useAuth.ts" path="/Users/sitan/Desktop/Site fin d'annee/Dev3_new/AstroMood_app/frontend/features/auth/useAuth.ts">
        <metrics statements="70" coveredstatements="5" conditionals="58" coveredconditionals="0" methods="6" coveredmethods="0"/>
        <line num="13" count="2" type="stmt"/>
        <line num="26" count="0" type="stmt"/>
        <line num="44" count="0" type="stmt"/>
        <line num="56" count="0" type="cond" truecount="0" falsecount="2"/>
        <line num="57" count="0" type="stmt"/>
        <line num="59" count="0" type="stmt"/>
        <line num="62" count="0" type="stmt"/>
        <line num="65" count="2" type="stmt"/>
        <line num="66" count="0" type="stmt"/>
        <line num="67" count="0" type="stmt"/>
        <line num="69" count="0" type="stmt"/>
        <line num="74" count="0" type="cond" truecount="0" falsecount="2"/>
        <line num="75" count="0" type="stmt"/>
        <line num="76" count="0" type="stmt"/>
        <line num="79" count="0" type="cond" truecount="0" falsecount="4"/>
        <line num="80" count="0" type="cond" truecount="0" falsecount="2"/>
        <line num="82" count="0" type="stmt"/>
        <line num="104" count="0" type="cond" truecount="0" falsecount="2"/>
        <line num="105" count="0" type="stmt"/>
        <line num="106" count="0" type="stmt"/>
        <line num="108" count="0" type="stmt"/>
        <line num="117" count="0" type="stmt"/>
        <line num="118" count="0" type="stmt"/>
        <line num="120" count="0" type="stmt"/>
        <line num="122" count="0" type="stmt"/>
        <line num="124" count="0" type="stmt"/>
        <line num="126" count="0" type="cond" truecount="0" falsecount="2"/>
        <line num="127" count="0" type="cond" truecount="0" falsecount="2"/>
        <line num="129" count="0" type="stmt"/>
        <line num="138" count="0" type="stmt"/>
        <line num="140" count="0" type="stmt"/>
        <line num="145" count="0" type="stmt"/>
        <line num="147" count="0" type="stmt"/>
        <line num="148" count="0" type="stmt"/>
        <line num="152" count="2" type="stmt"/>
        <line num="153" count="0" type="stmt"/>
        <line num="154" count="0" type="stmt"/>
        <line num="157" count="2" type="stmt"/>
        <line num="158" count="0" type="stmt"/>
        <line num="162" count="0" type="stmt"/>
        <line num="163" count="0" type="cond" truecount="0" falsecount="4"/>
        <line num="164" count="0" type="cond" truecount="0" falsecount="2"/>
        <line num="166" count="0" type="stmt"/>
        <line num="171" count="0" type="stmt"/>
        <line num="173" count="0" type="cond" truecount="0" falsecount="2"/>
        <line num="174" count="0" type="stmt"/>
        <line num="175" count="0" type="cond" truecount="0" falsecount="2"/>
        <line num="178" count="0" type="stmt"/>
        <line num="179" count="0" type="stmt"/>
        <line num="180" count="0" type="stmt"/>
        <line num="182" count="0" type="stmt"/>
        <line num="183" count="0" type="stmt"/>
        <line num="187" count="2" type="stmt"/>
        <line num="196" count="0" type="stmt"/>
        <line num="200" count="0" type="stmt"/>
        <line num="202" count="0" type="cond" truecount="0" falsecount="4"/>
        <line num="203" count="0" type="cond" truecount="0" falsecount="2"/>
        <line num="206" count="0" type="stmt"/>
        <line num="215" count="0" type="cond" truecount="0" falsecount="4"/>
        <line num="216" count="0" type="stmt"/>
        <line num="219" count="0" type="stmt"/>
        <line num="221" count="0" type="cond" truecount="0" falsecount="2"/>
        <line num="222" count="0" type="stmt"/>
        <line num="223" count="0" type="stmt"/>
        <line num="226" count="0" type="cond" truecount="0" falsecount="2"/>
        <line num="227" count="0" type="cond" truecount="0" falsecount="2"/>
        <line num="229" count="0" type="stmt"/>
        <line num="252" count="0" type="stmt"/>
        <line num="254" count="0" type="stmt"/>
        <line num="255" count="0" type="stmt"/>
      </file>
    </package>
    <package name="features.auth.components">
      <metrics statements="86" coveredstatements="71" conditionals="59" coveredconditionals="49" methods="43" coveredmethods="28"/>
      <file name="StepOne.tsx" path="/Users/sitan/Desktop/Site fin d'annee/Dev3_new/AstroMood_app/frontend/features/auth/components/StepOne.tsx">
        <metrics statements="36" coveredstatements="33" conditionals="26" coveredconditionals="24" methods="14" coveredmethods="10"/>
        <line num="19" count="97" type="stmt"/>
        <line num="21" count="97" type="stmt"/>
        <line num="22" count="97" type="stmt"/>
        <line num="23" count="97" type="stmt"/>
        <line num="25" count="97" type="stmt"/>
        <line num="27" count="97" type="stmt"/>
        <line num="28" count="33" type="stmt"/>
        <line num="29" count="0" type="stmt"/>
        <line num="34" count="33" type="stmt"/>
        <line num="35" count="0" type="stmt"/>
        <line num="41" count="33" type="stmt"/>
        <line num="42" count="33" type="stmt"/>
        <line num="43" count="33" type="stmt"/>
        <line num="47" count="97" type="stmt"/>
        <line num="48" count="45" type="stmt"/>
        <line num="57" count="97" type="stmt"/>
        <line num="58" count="30" type="stmt"/>
        <line num="59" count="30" type="stmt"/>
        <line num="62" count="97" type="stmt"/>
        <line num="63" count="30" type="stmt"/>
        <line num="66" count="97" type="stmt"/>
        <line num="67" count="28" type="stmt"/>
        <line num="68" count="28" type="cond" truecount="4" falsecount="0"/>
        <line num="71" count="97" type="stmt"/>
        <line num="72" count="4" type="cond" truecount="2" falsecount="0"/>
        <line num="73" count="2" type="stmt"/>
        <line num="76" count="97" type="stmt"/>
        <line num="77" count="28" type="stmt"/>
        <line num="78" count="28" type="cond" truecount="4" falsecount="0"/>
        <line num="81" count="97" type="stmt"/>
        <line num="82" count="4" type="cond" truecount="2" falsecount="0"/>
        <line num="83" count="2" type="stmt"/>
        <line num="84" count="2" type="stmt"/>
        <line num="88" count="97" type="cond" truecount="4" falsecount="0"/>
        <line num="93" count="97" type="stmt"/>
        <line num="138" count="0" type="stmt"/>
      </file>
      <file name="StepThree.tsx" path="/Users/sitan/Desktop/Site fin d'annee/Dev3_new/AstroMood_app/frontend/features/auth/components/StepThree.tsx">
        <metrics statements="16" coveredstatements="10" conditionals="12" coveredconditionals="6" methods="11" coveredmethods="5"/>
        <line num="11" count="17" type="stmt"/>
        <line num="13" count="17" type="stmt"/>
        <line num="14" count="17" type="stmt"/>
        <line num="16" count="17" type="stmt"/>
        <line num="17" count="17" type="cond" truecount="1" falsecount="1"/>
        <line num="18" count="17" type="stmt"/>
        <line num="19" count="17" type="cond" truecount="1" falsecount="1"/>
        <line num="23" count="17" type="stmt"/>
        <line num="41" count="2" type="stmt"/>
        <line num="49" count="2" type="stmt"/>
        <line num="76" count="0" type="stmt"/>
        <line num="87" count="0" type="cond" truecount="0" falsecount="2"/>
        <line num="92" count="0" type="stmt"/>
        <line num="106" count="0" type="stmt"/>
        <line num="118" count="0" type="cond" truecount="0" falsecount="2"/>
        <line num="123" count="0" type="stmt"/>
      </file>
      <file name="StepTwo.tsx" path="/Users/sitan/Desktop/Site fin d'annee/Dev3_new/AstroMood_app/frontend/features/auth/components/StepTwo.tsx">
        <metrics statements="34" coveredstatements="28" conditionals="21" coveredconditionals="19" methods="18" coveredmethods="13"/>
        <line num="23" count="84" type="stmt"/>
        <line num="25" count="84" type="stmt"/>
        <line num="27" count="84" type="stmt"/>
        <line num="28" count="84" type="stmt"/>
        <line num="29" count="84" type="stmt"/>
        <line num="31" count="84" type="stmt"/>
        <line num="32" count="24" type="cond" truecount="1" falsecount="1"/>
        <line num="35" count="84" type="stmt"/>
        <line num="36" count="24" type="stmt"/>
        <line num="37" count="0" type="stmt"/>
        <line num="43" count="24" type="stmt"/>
        <line num="44" count="0" type="stmt"/>
        <line num="50" count="24" type="stmt"/>
        <line num="51" count="24" type="stmt"/>
        <line num="52" count="24" type="stmt"/>
        <line num="56" count="84" type="stmt"/>
        <line num="57" count="39" type="stmt"/>
        <line num="67" count="84" type="cond" truecount="3" falsecount="0"/>
        <line num="71" count="84" type="stmt"/>
        <line num="94" count="13" type="stmt"/>
        <line num="101" count="252" type="cond" truecount="2" falsecount="0"/>
        <line num="107" count="252" type="stmt"/>
        <line num="108" count="252" type="stmt"/>
        <line num="111" count="15" type="stmt"/>
        <line num="125" count="17" type="stmt"/>
        <line num="154" count="0" type="stmt"/>
        <line num="160" count="0" type="stmt"/>
        <line num="170" count="0" type="stmt"/>
        <line num="171" count="0" type="stmt"/>
        <line num="179" count="51" type="stmt"/>
        <line num="182" count="17" type="stmt"/>
        <line num="188" count="34" type="stmt"/>
        <line num="190" count="15" type="stmt"/>
        <line num="194" count="15" type="stmt"/>
      </file>
    </package>
    <package name="features.chart.services">
      <metrics statements="15" coveredstatements="1" conditionals="11" coveredconditionals="0" methods="1" coveredmethods="0"/>
      <file name="generate-chart.service.ts" path="/Users/sitan/Desktop/Site fin d'annee/Dev3_new/AstroMood_app/frontend/features/chart/services/generate-chart.service.ts">
        <metrics statements="15" coveredstatements="1" conditionals="11" coveredconditionals="0" methods="1" coveredmethods="0"/>
        <line num="10" count="2" type="stmt"/>
        <line num="11" count="0" type="stmt"/>
        <line num="12" count="0" type="cond" truecount="0" falsecount="2"/>
        <line num="19" count="0" type="stmt"/>
        <line num="20" count="0" type="stmt"/>
        <line num="23" count="0" type="stmt"/>
        <line num="25" count="0" type="stmt"/>
        <line num="31" count="0" type="cond" truecount="0" falsecount="2"/>
        <line num="32" count="0" type="stmt"/>
        <line num="33" count="0" type="cond" truecount="0" falsecount="2"/>
        <line num="36" count="0" type="stmt"/>
        <line num="37" count="0" type="stmt"/>
        <line num="39" count="0" type="stmt"/>
        <line num="41" count="0" type="stmt"/>
        <line num="42" count="0" type="stmt"/>
      </file>
    </package>
    <package name="features.compatibility">
      <metrics statements="13" coveredstatements="10" conditionals="2" coveredconditionals="1" methods="6" coveredmethods="3"/>
      <file name="compatibility.screen.tsx" path="/Users/sitan/Desktop/Site fin d'annee/Dev3_new/AstroMood_app/frontend/features/compatibility/compatibility.screen.tsx">
        <metrics statements="13" coveredstatements="10" conditionals="2" coveredconditionals="1" methods="6" coveredmethods="3"/>
        <line num="12" count="6" type="stmt"/>
        <line num="14" count="3" type="stmt"/>
        <line num="15" count="3" type="stmt"/>
        <line num="16" count="3" type="stmt"/>
        <line num="19" count="3" type="stmt"/>
        <line num="21" count="3" type="stmt"/>
        <line num="22" count="3" type="cond" truecount="1" falsecount="1"/>
        <line num="24" count="3" type="stmt"/>
        <line num="25" count="3" type="stmt"/>
        <line num="27" count="0" type="stmt"/>
        <line num="35" count="3" type="stmt"/>
        <line num="42" count="0" type="stmt"/>
        <line num="69" count="0" type="stmt"/>
      </file>
    </package>
    <package name="features.explore">
      <metrics statements="11" coveredstatements="7" conditionals="0" coveredconditionals="0" methods="7" coveredmethods="3"/>
      <file name="explore.screen.tsx" path="/Users/sitan/Desktop/Site fin d'annee/Dev3_new/AstroMood_app/frontend/features/explore/explore.screen.tsx">
        <metrics statements="11" coveredstatements="7" conditionals="0" coveredconditionals="0" methods="7" coveredmethods="3"/>
        <line num="12" count="8" type="stmt"/>
        <line num="13" count="4" type="stmt"/>
        <line num="15" count="4" type="stmt"/>
        <line num="16" count="4" type="stmt"/>
        <line num="18" count="4" type="stmt"/>
        <line num="19" count="4" type="stmt"/>
        <line num="21" count="0" type="stmt"/>
        <line num="29" count="4" type="stmt"/>
        <line num="36" count="0" type="stmt"/>
        <line num="60" count="0" type="stmt"/>
        <line num="88" count="0" type="stmt"/>
      </file>
    </package>
    <package name="features.explore.components">
      <metrics statements="31" coveredstatements="18" conditionals="12" coveredconditionals="1" methods="10" coveredmethods="4"/>
      <file name="learn.screen.component.tsx" path="/Users/sitan/Desktop/Site fin d'annee/Dev3_new/AstroMood_app/frontend/features/explore/components/learn.screen.component.tsx">
        <metrics statements="31" coveredstatements="18" conditionals="12" coveredconditionals="1" methods="10" coveredmethods="4"/>
        <line num="13" count="6" type="stmt"/>
        <line num="15" count="6" type="stmt"/>
        <line num="16" count="6" type="stmt"/>
        <line num="18" count="6" type="stmt"/>
        <line num="19" count="0" type="cond" truecount="0" falsecount="2"/>
        <line num="20" count="0" type="stmt"/>
        <line num="23" count="6" type="stmt"/>
        <line num="24" count="0" type="stmt"/>
        <line num="32" count="0" type="stmt"/>
        <line num="46" count="6" type="stmt"/>
        <line num="60" count="6" type="stmt"/>
        <line num="61" count="12" type="stmt"/>
        <line num="62" count="12" type="stmt"/>
        <line num="66" count="6" type="stmt"/>
        <line num="67" count="0" type="stmt"/>
        <line num="69" count="0" type="cond" truecount="0" falsecount="2"/>
        <line num="70" count="0" type="stmt"/>
        <line num="82" count="0" type="stmt"/>
        <line num="90" count="6" type="stmt"/>
        <line num="91" count="6" type="cond" truecount="1" falsecount="1"/>
        <line num="92" count="0" type="stmt"/>
        <line num="97" count="6" type="stmt"/>
        <line num="104" count="6" type="stmt"/>
        <line num="105" count="0" type="cond" truecount="0" falsecount="2"/>
        <line num="106" count="0" type="stmt"/>
        <line num="108" count="0" type="stmt"/>
        <line num="111" count="6" type="stmt"/>
        <line num="117" count="6" type="stmt"/>
        <line num="118" count="6" type="stmt"/>
        <line num="120" count="6" type="stmt"/>
        <line num="124" count="0" type="stmt"/>
      </file>
    </package>
    <package name="shared">
      <metrics statements="2" coveredstatements="2" conditionals="0" coveredconditionals="0" methods="1" coveredmethods="1"/>
      <file name="hooks.ts" path="/Users/sitan/Desktop/Site fin d'annee/Dev3_new/AstroMood_app/frontend/shared/hooks.ts">
        <metrics statements="2" coveredstatements="2" conditionals="0" coveredconditionals="0" methods="1" coveredmethods="1"/>
        <line num="5" count="13" type="stmt"/>
        <line num="6" count="6" type="stmt"/>
      </file>
    </package>
    <package name="shared.hooks">
      <metrics statements="17" coveredstatements="13" conditionals="107" coveredconditionals="102" methods="7" coveredmethods="5"/>
      <file name="useLanguage.ts" path="/Users/sitan/Desktop/Site fin d'annee/Dev3_new/AstroMood_app/frontend/shared/hooks/useLanguage.ts">
        <metrics statements="14" coveredstatements="10" conditionals="9" coveredconditionals="4" methods="5" coveredmethods="3"/>
        <line num="7" count="3" type="stmt"/>
        <line num="8" count="13" type="stmt"/>
        <line num="9" count="13" type="stmt"/>
        <line num="10" count="26" type="cond" truecount="1" falsecount="1"/>
        <line num="13" count="13" type="stmt"/>
        <line num="14" count="7" type="cond" truecount="3" falsecount="1"/>
        <line num="15" count="7" type="stmt"/>
        <line num="19" count="13" type="stmt"/>
        <line num="20" count="0" type="stmt"/>
        <line num="23" count="13" type="stmt"/>
        <line num="24" count="0" type="cond" truecount="0" falsecount="3"/>
        <line num="26" count="0" type="stmt"/>
        <line num="29" count="0" type="stmt"/>
        <line num="33" count="13" type="stmt"/>
      </file>
      <file name="useThemeColors.ts" path="/Users/sitan/Desktop/Site fin d'annee/Dev3_new/AstroMood_app/frontend/shared/hooks/useThemeColors.ts">
        <metrics statements="3" coveredstatements="3" conditionals="98" coveredconditionals="98" methods="2" coveredmethods="2"/>
        <line num="3" count="6" type="stmt"/>
        <line num="4" count="508" type="stmt"/>
        <line num="6" count="386" type="stmt"/>
      </file>
    </package>
    <package name="shared.language">
      <metrics statements="4" coveredstatements="3" conditionals="0" coveredconditionals="0" methods="1" coveredmethods="0"/>
      <file name="languageSlice.ts" path="/Users/sitan/Desktop/Site fin d'annee/Dev3_new/AstroMood_app/frontend/shared/language/languageSlice.ts">
        <metrics statements="4" coveredstatements="3" conditionals="0" coveredconditionals="0" methods="1" coveredmethods="0"/>
        <line num="8" count="4" type="stmt"/>
        <line num="12" count="4" type="stmt"/>
        <line num="17" count="0" type="stmt"/>
        <line num="22" count="4" type="stmt"/>
      </file>
    </package>
    <package name="shared.theme">
      <metrics statements="5" coveredstatements="3" conditionals="0" coveredconditionals="0" methods="2" coveredmethods="0"/>
      <file name="themeSlice.ts" path="/Users/sitan/Desktop/Site fin d'annee/Dev3_new/AstroMood_app/frontend/shared/theme/themeSlice.ts">
        <metrics statements="5" coveredstatements="3" conditionals="0" coveredconditionals="0" methods="2" coveredmethods="0"/>
        <line num="7" count="6" type="stmt"/>
        <line num="11" count="6" type="stmt"/>
        <line num="16" count="0" type="stmt"/>
        <line num="19" count="0" type="stmt"/>
        <line num="24" count="6" type="stmt"/>
      </file>
    </package>
  </project>
</coverage>
