{"/Users/sitan/Desktop/Site fin d'annee/Dev3_new/AstroMood_app/frontend/app/store.ts": {"path":"/Users/sitan/Desktop/Site fin d'annee/Dev3_new/AstroMood_app/frontend/app/store.ts","statementMap":{"0":{"start":{"line":9,"column":27},"end":{"line":12,"column":1}},"1":{"start":{"line":14,"column":30},"end":{"line":14,"column":78}},"2":{"start":{"line":16,"column":21},"end":{"line":25,"column":2}},"3":{"start":{"line":22,"column":4},"end":{"line":24,"column":6}},"4":{"start":{"line":27,"column":25},"end":{"line":27,"column":44}}},"fnMap":{"0":{"name":"(anonymous_0)","decl":{"start":{"line":21,"column":14},"end":{"line":21,"column":15}},"loc":{"start":{"line":22,"column":4},"end":{"line":24,"column":6}},"line":22}},"branchMap":{},"s":{"0":4,"1":4,"2":4,"3":4,"4":4},"f":{"0":4},"b":{},"_coverageSchema":"1a1c01bbd47fc00a2c39e90264f33305004495a9","hash":"c9909c605a3e5d9479dbf6a8ff236cee55af52bb"}
,"/Users/sitan/Desktop/Site fin d'annee/Dev3_new/AstroMood_app/frontend/features/auth/AuthHomeScreen.tsx": {"path":"/Users/sitan/Desktop/Site fin d'annee/Dev3_new/AstroMood_app/frontend/features/auth/AuthHomeScreen.tsx","statementMap":{"0":{"start":{"line":6,"column":21},"end":{"line":6,"column":70}},"1":{"start":{"line":6,"column":47},"end":{"line":6,"column":69}},"2":{"start":{"line":8,"column":22},"end":{"line":8,"column":72}},"3":{"start":{"line":9,"column":24},"end":{"line":9,"column":72}},"4":{"start":{"line":10,"column":22},"end":{"line":10,"column":70}},"5":{"start":{"line":11,"column":22},"end":{"line":11,"column":70}},"6":{"start":{"line":12,"column":19},"end":{"line":12,"column":63}},"7":{"start":{"line":13,"column":20},"end":{"line":13,"column":64}},"8":{"start":{"line":15,"column":17},"end":{"line":15,"column":69}},"9":{"start":{"line":17,"column":26},"end":{"line":17,"column":60}},"10":{"start":{"line":19,"column":21},"end":{"line":21,"column":43}},"11":{"start":{"line":23,"column":2},"end":{"line":93,"column":4}},"12":{"start":{"line":52,"column":33},"end":{"line":52,"column":62}},"13":{"start":{"line":75,"column":33},"end":{"line":75,"column":62}}},"fnMap":{"0":{"name":"AuthHomeScreen","decl":{"start":{"line":5,"column":24},"end":{"line":5,"column":38}},"loc":{"start":{"line":5,"column":60},"end":{"line":94,"column":1}},"line":5},"1":{"name":"(anonymous_1)","decl":{"start":{"line":6,"column":36},"end":{"line":6,"column":37}},"loc":{"start":{"line":6,"column":47},"end":{"line":6,"column":69}},"line":6},"2":{"name":"(anonymous_2)","decl":{"start":{"line":52,"column":27},"end":{"line":52,"column":28}},"loc":{"start":{"line":52,"column":33},"end":{"line":52,"column":62}},"line":52},"3":{"name":"(anonymous_3)","decl":{"start":{"line":75,"column":27},"end":{"line":75,"column":28}},"loc":{"start":{"line":75,"column":33},"end":{"line":75,"column":62}},"line":75}},"branchMap":{"0":{"loc":{"start":{"line":8,"column":22},"end":{"line":8,"column":72}},"type":"cond-expr","locations":[{"start":{"line":8,"column":35},"end":{"line":8,"column":53}},{"start":{"line":8,"column":56},"end":{"line":8,"column":72}}],"line":8},"1":{"loc":{"start":{"line":9,"column":24},"end":{"line":9,"column":72}},"type":"cond-expr","locations":[{"start":{"line":9,"column":37},"end":{"line":9,"column":53}},{"start":{"line":9,"column":56},"end":{"line":9,"column":72}}],"line":9},"2":{"loc":{"start":{"line":10,"column":22},"end":{"line":10,"column":70}},"type":"cond-expr","locations":[{"start":{"line":10,"column":35},"end":{"line":10,"column":51}},{"start":{"line":10,"column":54},"end":{"line":10,"column":70}}],"line":10},"3":{"loc":{"start":{"line":11,"column":22},"end":{"line":11,"column":70}},"type":"cond-expr","locations":[{"start":{"line":11,"column":35},"end":{"line":11,"column":51}},{"start":{"line":11,"column":54},"end":{"line":11,"column":70}}],"line":11},"4":{"loc":{"start":{"line":12,"column":19},"end":{"line":12,"column":63}},"type":"cond-expr","locations":[{"start":{"line":12,"column":32},"end":{"line":12,"column":46}},{"start":{"line":12,"column":49},"end":{"line":12,"column":63}}],"line":12},"5":{"loc":{"start":{"line":13,"column":20},"end":{"line":13,"column":64}},"type":"cond-expr","locations":[{"start":{"line":13,"column":33},"end":{"line":13,"column":47}},{"start":{"line":13,"column":50},"end":{"line":13,"column":64}}],"line":13},"6":{"loc":{"start":{"line":15,"column":17},"end":{"line":15,"column":69}},"type":"cond-expr","locations":[{"start":{"line":15,"column":30},"end":{"line":15,"column":48}},{"start":{"line":15,"column":51},"end":{"line":15,"column":69}}],"line":15},"7":{"loc":{"start":{"line":17,"column":26},"end":{"line":17,"column":60}},"type":"cond-expr","locations":[{"start":{"line":17,"column":39},"end":{"line":17,"column":48}},{"start":{"line":17,"column":51},"end":{"line":17,"column":60}}],"line":17},"8":{"loc":{"start":{"line":19,"column":21},"end":{"line":21,"column":43}},"type":"cond-expr","locations":[{"start":{"line":20,"column":6},"end":{"line":20,"column":44}},{"start":{"line":21,"column":6},"end":{"line":21,"column":43}}],"line":19}},"s":{"0":3,"1":6,"2":3,"3":3,"4":3,"5":3,"6":3,"7":3,"8":3,"9":3,"10":3,"11":3,"12":1,"13":1},"f":{"0":3,"1":6,"2":1,"3":1},"b":{"0":[0,3],"1":[0,3],"2":[0,3],"3":[0,3],"4":[0,3],"5":[0,3],"6":[0,3],"7":[0,3],"8":[0,3]},"_coverageSchema":"1a1c01bbd47fc00a2c39e90264f33305004495a9","hash":"5b08f7860be230968dfd6c789e0126c5a5971006"}
,"/Users/sitan/Desktop/Site fin d'annee/Dev3_new/AstroMood_app/frontend/features/auth/AuthSlice.ts": {"path":"/Users/sitan/Desktop/Site fin d'annee/Dev3_new/AstroMood_app/frontend/features/auth/AuthSlice.ts","statementMap":{"0":{"start":{"line":28,"column":32},"end":{"line":33,"column":1}},"1":{"start":{"line":35,"column":25},"end":{"line":63,"column":2}},"2":{"start":{"line":40,"column":6},"end":{"line":40,"column":39}},"3":{"start":{"line":43,"column":6},"end":{"line":43,"column":47}},"4":{"start":{"line":46,"column":6},"end":{"line":46,"column":39}},"5":{"start":{"line":47,"column":6},"end":{"line":47,"column":41}},"6":{"start":{"line":48,"column":6},"end":{"line":48,"column":30}},"7":{"start":{"line":49,"column":6},"end":{"line":49,"column":38}},"8":{"start":{"line":52,"column":6},"end":{"line":54,"column":7}},"9":{"start":{"line":53,"column":8},"end":{"line":53,"column":58}},"10":{"start":{"line":57,"column":6},"end":{"line":57,"column":24}},"11":{"start":{"line":58,"column":6},"end":{"line":58,"column":25}},"12":{"start":{"line":59,"column":6},"end":{"line":59,"column":30}},"13":{"start":{"line":60,"column":6},"end":{"line":60,"column":38}},"14":{"start":{"line":66,"column":2},"end":{"line":66,"column":19}}},"fnMap":{"0":{"name":"(anonymous_0)","decl":{"start":{"line":39,"column":16},"end":{"line":39,"column":17}},"loc":{"start":{"line":39,"column":59},"end":{"line":41,"column":5}},"line":39},"1":{"name":"(anonymous_1)","decl":{"start":{"line":42,"column":24},"end":{"line":42,"column":25}},"loc":{"start":{"line":42,"column":67},"end":{"line":44,"column":5}},"line":42},"2":{"name":"(anonymous_2)","decl":{"start":{"line":45,"column":13},"end":{"line":45,"column":14}},"loc":{"start":{"line":45,"column":78},"end":{"line":50,"column":5}},"line":45},"3":{"name":"(anonymous_3)","decl":{"start":{"line":51,"column":24},"end":{"line":51,"column":25}},"loc":{"start":{"line":51,"column":73},"end":{"line":55,"column":5}},"line":51},"4":{"name":"(anonymous_4)","decl":{"start":{"line":56,"column":15},"end":{"line":56,"column":16}},"loc":{"start":{"line":56,"column":26},"end":{"line":61,"column":5}},"line":56}},"branchMap":{"0":{"loc":{"start":{"line":52,"column":6},"end":{"line":54,"column":7}},"type":"if","locations":[{"start":{"line":52,"column":6},"end":{"line":54,"column":7}},{"start":{},"end":{}}],"line":52}},"s":{"0":4,"1":4,"2":0,"3":0,"4":0,"5":0,"6":0,"7":0,"8":0,"9":0,"10":0,"11":0,"12":0,"13":0,"14":4},"f":{"0":0,"1":0,"2":0,"3":0,"4":0},"b":{"0":[0,0]},"_coverageSchema":"1a1c01bbd47fc00a2c39e90264f33305004495a9","hash":"7aca562871212241da22b4af3e39edb5494cf3fd"}
,"/Users/sitan/Desktop/Site fin d'annee/Dev3_new/AstroMood_app/frontend/features/compatibility/CompatibilityScreen.tsx": {"path":"/Users/sitan/Desktop/Site fin d'annee/Dev3_new/AstroMood_app/frontend/features/compatibility/CompatibilityScreen.tsx","statementMap":{"0":{"start":{"line":10,"column":21},"end":{"line":10,"column":70}},"1":{"start":{"line":10,"column":47},"end":{"line":10,"column":69}},"2":{"start":{"line":12,"column":26},"end":{"line":12,"column":60}},"3":{"start":{"line":13,"column":20},"end":{"line":13,"column":54}},"4":{"start":{"line":14,"column":17},"end":{"line":14,"column":66}},"5":{"start":{"line":15,"column":20},"end":{"line":15,"column":54}},"6":{"start":{"line":17,"column":21},"end":{"line":17,"column":83}},"7":{"start":{"line":20,"column":4},"end":{"line":20,"column":101}},"8":{"start":{"line":22,"column":4},"end":{"line":22,"column":100}},"9":{"start":{"line":23,"column":20},"end":{"line":23,"column":59}},"10":{"start":{"line":25,"column":17},"end":{"line":25,"column":69}},"11":{"start":{"line":26,"column":22},"end":{"line":26,"column":79}},"12":{"start":{"line":27,"column":22},"end":{"line":27,"column":73}},"13":{"start":{"line":28,"column":24},"end":{"line":28,"column":72}},"14":{"start":{"line":30,"column":2},"end":{"line":39,"column":31}},"15":{"start":{"line":31,"column":4},"end":{"line":38,"column":7}},"16":{"start":{"line":33,"column":8},"end":{"line":35,"column":15}},"17":{"start":{"line":41,"column":2},"end":{"line":175,"column":4}},"18":{"start":{"line":46,"column":23},"end":{"line":46,"column":70}},"19":{"start":{"line":78,"column":23},"end":{"line":78,"column":67}}},"fnMap":{"0":{"name":"CompatibilityScreen","decl":{"start":{"line":9,"column":24},"end":{"line":9,"column":43}},"loc":{"start":{"line":9,"column":46},"end":{"line":176,"column":1}},"line":9},"1":{"name":"(anonymous_1)","decl":{"start":{"line":10,"column":36},"end":{"line":10,"column":37}},"loc":{"start":{"line":10,"column":47},"end":{"line":10,"column":69}},"line":10},"2":{"name":"(anonymous_2)","decl":{"start":{"line":30,"column":18},"end":{"line":30,"column":19}},"loc":{"start":{"line":30,"column":24},"end":{"line":39,"column":3}},"line":30},"3":{"name":"(anonymous_3)","decl":{"start":{"line":32,"column":19},"end":{"line":32,"column":20}},"loc":{"start":{"line":33,"column":8},"end":{"line":35,"column":15}},"line":33},"4":{"name":"(anonymous_4)","decl":{"start":{"line":46,"column":17},"end":{"line":46,"column":18}},"loc":{"start":{"line":46,"column":23},"end":{"line":46,"column":70}},"line":46},"5":{"name":"(anonymous_5)","decl":{"start":{"line":78,"column":17},"end":{"line":78,"column":18}},"loc":{"start":{"line":78,"column":23},"end":{"line":78,"column":67}},"line":78}},"branchMap":{"0":{"loc":{"start":{"line":12,"column":26},"end":{"line":12,"column":60}},"type":"cond-expr","locations":[{"start":{"line":12,"column":39},"end":{"line":12,"column":48}},{"start":{"line":12,"column":51},"end":{"line":12,"column":60}}],"line":12},"1":{"loc":{"start":{"line":13,"column":20},"end":{"line":13,"column":54}},"type":"cond-expr","locations":[{"start":{"line":13,"column":33},"end":{"line":13,"column":42}},{"start":{"line":13,"column":45},"end":{"line":13,"column":54}}],"line":13},"2":{"loc":{"start":{"line":14,"column":17},"end":{"line":14,"column":66}},"type":"cond-expr","locations":[{"start":{"line":14,"column":30},"end":{"line":14,"column":47}},{"start":{"line":14,"column":50},"end":{"line":14,"column":66}}],"line":14},"3":{"loc":{"start":{"line":15,"column":20},"end":{"line":15,"column":54}},"type":"cond-expr","locations":[{"start":{"line":15,"column":33},"end":{"line":15,"column":42}},{"start":{"line":15,"column":45},"end":{"line":15,"column":54}}],"line":15},"4":{"loc":{"start":{"line":23,"column":20},"end":{"line":23,"column":59}},"type":"cond-expr","locations":[{"start":{"line":23,"column":33},"end":{"line":23,"column":44}},{"start":{"line":23,"column":47},"end":{"line":23,"column":59}}],"line":23},"5":{"loc":{"start":{"line":25,"column":17},"end":{"line":25,"column":69}},"type":"cond-expr","locations":[{"start":{"line":25,"column":30},"end":{"line":25,"column":49}},{"start":{"line":25,"column":52},"end":{"line":25,"column":69}}],"line":25},"6":{"loc":{"start":{"line":26,"column":22},"end":{"line":26,"column":79}},"type":"cond-expr","locations":[{"start":{"line":26,"column":35},"end":{"line":26,"column":56}},{"start":{"line":26,"column":59},"end":{"line":26,"column":79}}],"line":26},"7":{"loc":{"start":{"line":27,"column":22},"end":{"line":27,"column":73}},"type":"cond-expr","locations":[{"start":{"line":27,"column":35},"end":{"line":27,"column":53}},{"start":{"line":27,"column":56},"end":{"line":27,"column":73}}],"line":27},"8":{"loc":{"start":{"line":28,"column":24},"end":{"line":28,"column":72}},"type":"cond-expr","locations":[{"start":{"line":28,"column":37},"end":{"line":28,"column":53}},{"start":{"line":28,"column":56},"end":{"line":28,"column":72}}],"line":28},"9":{"loc":{"start":{"line":56,"column":21},"end":{"line":56,"column":55}},"type":"cond-expr","locations":[{"start":{"line":56,"column":34},"end":{"line":56,"column":43}},{"start":{"line":56,"column":46},"end":{"line":56,"column":55}}],"line":56},"10":{"loc":{"start":{"line":124,"column":50},"end":{"line":124,"column":84}},"type":"cond-expr","locations":[{"start":{"line":124,"column":63},"end":{"line":124,"column":72}},{"start":{"line":124,"column":75},"end":{"line":124,"column":84}}],"line":124}},"s":{"0":4,"1":6,"2":3,"3":3,"4":3,"5":3,"6":3,"7":3,"8":3,"9":3,"10":3,"11":3,"12":3,"13":3,"14":3,"15":3,"16":0,"17":3,"18":0,"19":0},"f":{"0":4,"1":6,"2":3,"3":0,"4":0,"5":0},"b":{"0":[0,3],"1":[0,3],"2":[0,3],"3":[0,3],"4":[0,3],"5":[0,3],"6":[0,3],"7":[0,3],"8":[0,3],"9":[0,3],"10":[0,3]},"_coverageSchema":"1a1c01bbd47fc00a2c39e90264f33305004495a9","hash":"161fb06462c2926f9e74bcfe8a407672ae8ca0c9"}
,"/Users/sitan/Desktop/Site fin d'annee/Dev3_new/AstroMood_app/frontend/features/explore/ExploreScreen.tsx": {"path":"/Users/sitan/Desktop/Site fin d'annee/Dev3_new/AstroMood_app/frontend/features/explore/ExploreScreen.tsx","statementMap":{"0":{"start":{"line":10,"column":21},"end":{"line":10,"column":70}},"1":{"start":{"line":10,"column":47},"end":{"line":10,"column":69}},"2":{"start":{"line":11,"column":21},"end":{"line":11,"column":83}},"3":{"start":{"line":13,"column":26},"end":{"line":13,"column":60}},"4":{"start":{"line":14,"column":20},"end":{"line":14,"column":54}},"5":{"start":{"line":15,"column":17},"end":{"line":15,"column":66}},"6":{"start":{"line":16,"column":20},"end":{"line":16,"column":54}},"7":{"start":{"line":17,"column":17},"end":{"line":17,"column":69}},"8":{"start":{"line":18,"column":22},"end":{"line":18,"column":79}},"9":{"start":{"line":19,"column":22},"end":{"line":19,"column":73}},"10":{"start":{"line":20,"column":24},"end":{"line":20,"column":72}},"11":{"start":{"line":22,"column":2},"end":{"line":31,"column":31}},"12":{"start":{"line":23,"column":4},"end":{"line":30,"column":7}},"13":{"start":{"line":25,"column":8},"end":{"line":27,"column":15}},"14":{"start":{"line":33,"column":2},"end":{"line":101,"column":4}},"15":{"start":{"line":38,"column":23},"end":{"line":38,"column":57}},"16":{"start":{"line":57,"column":23},"end":{"line":57,"column":57}},"17":{"start":{"line":83,"column":23},"end":{"line":83,"column":72}}},"fnMap":{"0":{"name":"ExploreScreen","decl":{"start":{"line":9,"column":24},"end":{"line":9,"column":37}},"loc":{"start":{"line":9,"column":40},"end":{"line":102,"column":1}},"line":9},"1":{"name":"(anonymous_1)","decl":{"start":{"line":10,"column":36},"end":{"line":10,"column":37}},"loc":{"start":{"line":10,"column":47},"end":{"line":10,"column":69}},"line":10},"2":{"name":"(anonymous_2)","decl":{"start":{"line":22,"column":18},"end":{"line":22,"column":19}},"loc":{"start":{"line":22,"column":24},"end":{"line":31,"column":3}},"line":22},"3":{"name":"(anonymous_3)","decl":{"start":{"line":24,"column":19},"end":{"line":24,"column":20}},"loc":{"start":{"line":25,"column":8},"end":{"line":27,"column":15}},"line":25},"4":{"name":"(anonymous_4)","decl":{"start":{"line":38,"column":17},"end":{"line":38,"column":18}},"loc":{"start":{"line":38,"column":23},"end":{"line":38,"column":57}},"line":38},"5":{"name":"(anonymous_5)","decl":{"start":{"line":57,"column":17},"end":{"line":57,"column":18}},"loc":{"start":{"line":57,"column":23},"end":{"line":57,"column":57}},"line":57},"6":{"name":"(anonymous_6)","decl":{"start":{"line":83,"column":17},"end":{"line":83,"column":18}},"loc":{"start":{"line":83,"column":23},"end":{"line":83,"column":72}},"line":83}},"branchMap":{"0":{"loc":{"start":{"line":13,"column":26},"end":{"line":13,"column":60}},"type":"cond-expr","locations":[{"start":{"line":13,"column":39},"end":{"line":13,"column":48}},{"start":{"line":13,"column":51},"end":{"line":13,"column":60}}],"line":13},"1":{"loc":{"start":{"line":14,"column":20},"end":{"line":14,"column":54}},"type":"cond-expr","locations":[{"start":{"line":14,"column":33},"end":{"line":14,"column":42}},{"start":{"line":14,"column":45},"end":{"line":14,"column":54}}],"line":14},"2":{"loc":{"start":{"line":15,"column":17},"end":{"line":15,"column":66}},"type":"cond-expr","locations":[{"start":{"line":15,"column":30},"end":{"line":15,"column":47}},{"start":{"line":15,"column":50},"end":{"line":15,"column":66}}],"line":15},"3":{"loc":{"start":{"line":16,"column":20},"end":{"line":16,"column":54}},"type":"cond-expr","locations":[{"start":{"line":16,"column":33},"end":{"line":16,"column":42}},{"start":{"line":16,"column":45},"end":{"line":16,"column":54}}],"line":16},"4":{"loc":{"start":{"line":17,"column":17},"end":{"line":17,"column":69}},"type":"cond-expr","locations":[{"start":{"line":17,"column":30},"end":{"line":17,"column":49}},{"start":{"line":17,"column":52},"end":{"line":17,"column":69}}],"line":17},"5":{"loc":{"start":{"line":18,"column":22},"end":{"line":18,"column":79}},"type":"cond-expr","locations":[{"start":{"line":18,"column":35},"end":{"line":18,"column":56}},{"start":{"line":18,"column":59},"end":{"line":18,"column":79}}],"line":18},"6":{"loc":{"start":{"line":19,"column":22},"end":{"line":19,"column":73}},"type":"cond-expr","locations":[{"start":{"line":19,"column":35},"end":{"line":19,"column":53}},{"start":{"line":19,"column":56},"end":{"line":19,"column":73}}],"line":19},"7":{"loc":{"start":{"line":20,"column":24},"end":{"line":20,"column":72}},"type":"cond-expr","locations":[{"start":{"line":20,"column":37},"end":{"line":20,"column":53}},{"start":{"line":20,"column":56},"end":{"line":20,"column":72}}],"line":20}},"s":{"0":4,"1":8,"2":4,"3":4,"4":4,"5":4,"6":4,"7":4,"8":4,"9":4,"10":4,"11":4,"12":4,"13":0,"14":4,"15":1,"16":1,"17":1},"f":{"0":4,"1":8,"2":4,"3":0,"4":1,"5":1,"6":1},"b":{"0":[0,4],"1":[0,4],"2":[0,4],"3":[0,4],"4":[0,4],"5":[0,4],"6":[0,4],"7":[0,4]},"_coverageSchema":"1a1c01bbd47fc00a2c39e90264f33305004495a9","hash":"1610985ba8a2740c878fccfd91d53667065620f9"}
,"/Users/sitan/Desktop/Site fin d'annee/Dev3_new/AstroMood_app/frontend/features/explore/components/LearnScreen.tsx": {"path":"/Users/sitan/Desktop/Site fin d'annee/Dev3_new/AstroMood_app/frontend/features/explore/components/LearnScreen.tsx","statementMap":{"0":{"start":{"line":12,"column":21},"end":{"line":12,"column":83}},"1":{"start":{"line":14,"column":21},"end":{"line":14,"column":70}},"2":{"start":{"line":14,"column":47},"end":{"line":14,"column":69}},"3":{"start":{"line":16,"column":26},"end":{"line":16,"column":60}},"4":{"start":{"line":17,"column":20},"end":{"line":17,"column":54}},"5":{"start":{"line":18,"column":17},"end":{"line":18,"column":69}},"6":{"start":{"line":19,"column":22},"end":{"line":19,"column":79}},"7":{"start":{"line":20,"column":22},"end":{"line":20,"column":73}},"8":{"start":{"line":22,"column":20},"end":{"line":22,"column":54}},"9":{"start":{"line":23,"column":24},"end":{"line":23,"column":72}},"10":{"start":{"line":25,"column":17},"end":{"line":28,"column":3}},"11":{"start":{"line":26,"column":4},"end":{"line":27,"column":29}},"12":{"start":{"line":26,"column":16},"end":{"line":26,"column":25}},"13":{"start":{"line":27,"column":9},"end":{"line":27,"column":29}},"14":{"start":{"line":30,"column":2},"end":{"line":51,"column":19}},"15":{"start":{"line":31,"column":4},"end":{"line":50,"column":7}},"16":{"start":{"line":39,"column":8},"end":{"line":48,"column":27}},"17":{"start":{"line":53,"column":19},"end":{"line":104,"column":3}},"18":{"start":{"line":107,"column":19},"end":{"line":110,"column":3}},"19":{"start":{"line":108,"column":29},"end":{"line":108,"column":47}},"20":{"start":{"line":109,"column":4},"end":{"line":109,"column":50}},"21":{"start":{"line":113,"column":29},"end":{"line":132,"column":3}},"22":{"start":{"line":114,"column":4},"end":{"line":131,"column":5}},"23":{"start":{"line":115,"column":6},"end":{"line":125,"column":8}},"24":{"start":{"line":127,"column":6},"end":{"line":130,"column":9}},"25":{"start":{"line":135,"column":23},"end":{"line":146,"column":3}},"26":{"start":{"line":136,"column":4},"end":{"line":141,"column":5}},"27":{"start":{"line":137,"column":6},"end":{"line":140,"column":8}},"28":{"start":{"line":142,"column":4},"end":{"line":145,"column":6}},"29":{"start":{"line":149,"column":23},"end":{"line":154,"column":3}},"30":{"start":{"line":150,"column":4},"end":{"line":152,"column":5}},"31":{"start":{"line":151,"column":6},"end":{"line":151,"column":39}},"32":{"start":{"line":153,"column":4},"end":{"line":153,"column":21}},"33":{"start":{"line":156,"column":2},"end":{"line":226,"column":4}},"34":{"start":{"line":162,"column":32},"end":{"line":162,"column":53}},"35":{"start":{"line":163,"column":29},"end":{"line":163,"column":46}},"36":{"start":{"line":165,"column":14},"end":{"line":220,"column":16}},"37":{"start":{"line":169,"column":35},"end":{"line":169,"column":62}}},"fnMap":{"0":{"name":"LearnScreen","decl":{"start":{"line":11,"column":24},"end":{"line":11,"column":35}},"loc":{"start":{"line":11,"column":53},"end":{"line":227,"column":1}},"line":11},"1":{"name":"(anonymous_1)","decl":{"start":{"line":14,"column":36},"end":{"line":14,"column":37}},"loc":{"start":{"line":14,"column":47},"end":{"line":14,"column":69}},"line":14},"2":{"name":"(anonymous_2)","decl":{"start":{"line":25,"column":17},"end":{"line":25,"column":18}},"loc":{"start":{"line":25,"column":23},"end":{"line":28,"column":3}},"line":25},"3":{"name":"(anonymous_3)","decl":{"start":{"line":30,"column":18},"end":{"line":30,"column":19}},"loc":{"start":{"line":30,"column":24},"end":{"line":51,"column":3}},"line":30},"4":{"name":"(anonymous_4)","decl":{"start":{"line":38,"column":18},"end":{"line":38,"column":19}},"loc":{"start":{"line":39,"column":8},"end":{"line":48,"column":27}},"line":39},"5":{"name":"(anonymous_5)","decl":{"start":{"line":107,"column":19},"end":{"line":107,"column":20}},"loc":{"start":{"line":107,"column":54},"end":{"line":110,"column":3}},"line":107},"6":{"name":"(anonymous_6)","decl":{"start":{"line":113,"column":29},"end":{"line":113,"column":30}},"loc":{"start":{"line":113,"column":64},"end":{"line":132,"column":3}},"line":113},"7":{"name":"(anonymous_7)","decl":{"start":{"line":135,"column":23},"end":{"line":135,"column":24}},"loc":{"start":{"line":135,"column":58},"end":{"line":146,"column":3}},"line":135},"8":{"name":"(anonymous_8)","decl":{"start":{"line":149,"column":23},"end":{"line":149,"column":24}},"loc":{"start":{"line":149,"column":77},"end":{"line":154,"column":3}},"line":149},"9":{"name":"(anonymous_9)","decl":{"start":{"line":161,"column":26},"end":{"line":161,"column":27}},"loc":{"start":{"line":161,"column":44},"end":{"line":221,"column":13}},"line":161},"10":{"name":"(anonymous_10)","decl":{"start":{"line":169,"column":29},"end":{"line":169,"column":30}},"loc":{"start":{"line":169,"column":35},"end":{"line":169,"column":62}},"line":169}},"branchMap":{"0":{"loc":{"start":{"line":16,"column":26},"end":{"line":16,"column":60}},"type":"cond-expr","locations":[{"start":{"line":16,"column":39},"end":{"line":16,"column":48}},{"start":{"line":16,"column":51},"end":{"line":16,"column":60}}],"line":16},"1":{"loc":{"start":{"line":17,"column":20},"end":{"line":17,"column":54}},"type":"cond-expr","locations":[{"start":{"line":17,"column":33},"end":{"line":17,"column":42}},{"start":{"line":17,"column":45},"end":{"line":17,"column":54}}],"line":17},"2":{"loc":{"start":{"line":18,"column":17},"end":{"line":18,"column":69}},"type":"cond-expr","locations":[{"start":{"line":18,"column":30},"end":{"line":18,"column":49}},{"start":{"line":18,"column":52},"end":{"line":18,"column":69}}],"line":18},"3":{"loc":{"start":{"line":19,"column":22},"end":{"line":19,"column":79}},"type":"cond-expr","locations":[{"start":{"line":19,"column":35},"end":{"line":19,"column":56}},{"start":{"line":19,"column":59},"end":{"line":19,"column":79}}],"line":19},"4":{"loc":{"start":{"line":20,"column":22},"end":{"line":20,"column":73}},"type":"cond-expr","locations":[{"start":{"line":20,"column":35},"end":{"line":20,"column":53}},{"start":{"line":20,"column":56},"end":{"line":20,"column":73}}],"line":20},"5":{"loc":{"start":{"line":22,"column":20},"end":{"line":22,"column":54}},"type":"cond-expr","locations":[{"start":{"line":22,"column":33},"end":{"line":22,"column":42}},{"start":{"line":22,"column":45},"end":{"line":22,"column":54}}],"line":22},"6":{"loc":{"start":{"line":23,"column":24},"end":{"line":23,"column":72}},"type":"cond-expr","locations":[{"start":{"line":23,"column":37},"end":{"line":23,"column":53}},{"start":{"line":23,"column":56},"end":{"line":23,"column":72}}],"line":23},"7":{"loc":{"start":{"line":26,"column":4},"end":{"line":27,"column":29}},"type":"if","locations":[{"start":{"line":26,"column":4},"end":{"line":27,"column":29}},{"start":{"line":27,"column":9},"end":{"line":27,"column":29}}],"line":26},"8":{"loc":{"start":{"line":114,"column":4},"end":{"line":131,"column":5}},"type":"if","locations":[{"start":{"line":114,"column":4},"end":{"line":131,"column":5}},{"start":{"line":126,"column":11},"end":{"line":131,"column":5}}],"line":114},"9":{"loc":{"start":{"line":136,"column":4},"end":{"line":141,"column":5}},"type":"if","locations":[{"start":{"line":136,"column":4},"end":{"line":141,"column":5}},{"start":{},"end":{}}],"line":136},"10":{"loc":{"start":{"line":150,"column":4},"end":{"line":152,"column":5}},"type":"if","locations":[{"start":{"line":150,"column":4},"end":{"line":152,"column":5}},{"start":{},"end":{}}],"line":150},"11":{"loc":{"start":{"line":168,"column":35},"end":{"line":168,"column":53}},"type":"cond-expr","locations":[{"start":{"line":168,"column":44},"end":{"line":168,"column":47}},{"start":{"line":168,"column":50},"end":{"line":168,"column":53}}],"line":168},"12":{"loc":{"start":{"line":203,"column":25},"end":{"line":215,"column":25}},"type":"cond-expr","locations":[{"start":{"line":204,"column":26},"end":{"line":210,"column":33}},{"start":{"line":212,"column":26},"end":{"line":214,"column":33}}],"line":203}},"s":{"0":3,"1":3,"2":6,"3":3,"4":3,"5":3,"6":3,"7":3,"8":3,"9":3,"10":3,"11":0,"12":0,"13":0,"14":3,"15":3,"16":0,"17":3,"18":3,"19":152,"20":152,"21":3,"22":2,"23":1,"24":1,"25":3,"26":30,"27":21,"28":9,"29":3,"30":90,"31":63,"32":27,"33":3,"34":30,"35":30,"36":30,"37":2},"f":{"0":3,"1":6,"2":0,"3":3,"4":0,"5":152,"6":2,"7":30,"8":90,"9":30,"10":2},"b":{"0":[0,3],"1":[0,3],"2":[0,3],"3":[0,3],"4":[0,3],"5":[0,3],"6":[0,3],"7":[0,0],"8":[1,1],"9":[21,9],"10":[63,27],"11":[21,9],"12":[21,9]},"_coverageSchema":"1a1c01bbd47fc00a2c39e90264f33305004495a9","hash":"fc069d66b102851bee18fc3aa1fb96677ed0102b"}
,"/Users/sitan/Desktop/Site fin d'annee/Dev3_new/AstroMood_app/frontend/shared/hooks.ts": {"path":"/Users/sitan/Desktop/Site fin d'annee/Dev3_new/AstroMood_app/frontend/shared/hooks.ts","statementMap":{"0":{"start":{"line":5,"column":30},"end":{"line":5,"column":62}},"1":{"start":{"line":5,"column":36},"end":{"line":5,"column":62}},"2":{"start":{"line":6,"column":63},"end":{"line":6,"column":74}}},"fnMap":{"0":{"name":"(anonymous_0)","decl":{"start":{"line":5,"column":30},"end":{"line":5,"column":31}},"loc":{"start":{"line":5,"column":36},"end":{"line":5,"column":62}},"line":5}},"branchMap":{},"s":{"0":4,"1":0,"2":4},"f":{"0":0},"b":{},"_coverageSchema":"1a1c01bbd47fc00a2c39e90264f33305004495a9","hash":"5acfacfda267e162217dca702aa614ce9f8a9a36"}
,"/Users/sitan/Desktop/Site fin d'annee/Dev3_new/AstroMood_app/frontend/shared/theme/themeSlice.ts": {"path":"/Users/sitan/Desktop/Site fin d'annee/Dev3_new/AstroMood_app/frontend/shared/theme/themeSlice.ts","statementMap":{"0":{"start":{"line":7,"column":33},"end":{"line":9,"column":1}},"1":{"start":{"line":11,"column":19},"end":{"line":22,"column":2}},"2":{"start":{"line":16,"column":6},"end":{"line":16,"column":43}},"3":{"start":{"line":19,"column":6},"end":{"line":19,"column":40}},"4":{"start":{"line":24,"column":47},"end":{"line":24,"column":65}}},"fnMap":{"0":{"name":"(anonymous_0)","decl":{"start":{"line":15,"column":20},"end":{"line":15,"column":21}},"loc":{"start":{"line":15,"column":31},"end":{"line":17,"column":5}},"line":15},"1":{"name":"(anonymous_1)","decl":{"start":{"line":18,"column":17},"end":{"line":18,"column":18}},"loc":{"start":{"line":18,"column":36},"end":{"line":20,"column":5}},"line":18}},"branchMap":{},"s":{"0":4,"1":4,"2":0,"3":0,"4":4},"f":{"0":0,"1":0},"b":{},"_coverageSchema":"1a1c01bbd47fc00a2c39e90264f33305004495a9","hash":"ebd482f0520eaf9ee8fe51b7e4f1f4b8700db486"}
}
