{"/Users/sitan/Desktop/Site fin d'annee/Dev3_new/AstroMood_app/frontend/app/store.ts": {"path":"/Users/sitan/Desktop/Site fin d'annee/Dev3_new/AstroMood_app/frontend/app/store.ts","statementMap":{"0":{"start":{"line":9,"column":27},"end":{"line":12,"column":1}},"1":{"start":{"line":14,"column":30},"end":{"line":17,"column":1}},"2":{"start":{"line":19,"column":30},"end":{"line":19,"column":78}},"3":{"start":{"line":20,"column":33},"end":{"line":20,"column":87}},"4":{"start":{"line":22,"column":21},"end":{"line":34,"column":2}},"5":{"start":{"line":29,"column":4},"end":{"line":33,"column":6}},"6":{"start":{"line":36,"column":25},"end":{"line":36,"column":44}}},"fnMap":{"0":{"name":"(anonymous_0)","decl":{"start":{"line":28,"column":14},"end":{"line":28,"column":15}},"loc":{"start":{"line":29,"column":4},"end":{"line":33,"column":6}},"line":29}},"branchMap":{},"s":{"0":4,"1":4,"2":4,"3":4,"4":4,"5":4,"6":4},"f":{"0":4},"b":{},"_coverageSchema":"1a1c01bbd47fc00a2c39e90264f33305004495a9","hash":"545715a283ff5d4710403e64d162603796cd5356"}
,"/Users/sitan/Desktop/Site fin d'annee/Dev3_new/AstroMood_app/frontend/features/auth/AuthHomeScreen.tsx": {"path":"/Users/sitan/Desktop/Site fin d'annee/Dev3_new/AstroMood_app/frontend/features/auth/AuthHomeScreen.tsx","statementMap":{"0":{"start":{"line":10,"column":21},"end":{"line":10,"column":83}},"1":{"start":{"line":12,"column":21},"end":{"line":12,"column":70}},"2":{"start":{"line":12,"column":47},"end":{"line":12,"column":69}},"3":{"start":{"line":14,"column":17},"end":{"line":14,"column":33}},"4":{"start":{"line":16,"column":21},"end":{"line":18,"column":50}},"5":{"start":{"line":20,"column":2},"end":{"line":91,"column":4}},"6":{"start":{"line":50,"column":33},"end":{"line":50,"column":62}},"7":{"start":{"line":73,"column":33},"end":{"line":73,"column":62}}},"fnMap":{"0":{"name":"AuthHomeScreen","decl":{"start":{"line":9,"column":24},"end":{"line":9,"column":38}},"loc":{"start":{"line":9,"column":41},"end":{"line":92,"column":1}},"line":9},"1":{"name":"(anonymous_1)","decl":{"start":{"line":12,"column":36},"end":{"line":12,"column":37}},"loc":{"start":{"line":12,"column":47},"end":{"line":12,"column":69}},"line":12},"2":{"name":"(anonymous_2)","decl":{"start":{"line":50,"column":27},"end":{"line":50,"column":28}},"loc":{"start":{"line":50,"column":33},"end":{"line":50,"column":62}},"line":50},"3":{"name":"(anonymous_3)","decl":{"start":{"line":73,"column":27},"end":{"line":73,"column":28}},"loc":{"start":{"line":73,"column":33},"end":{"line":73,"column":62}},"line":73}},"branchMap":{"0":{"loc":{"start":{"line":16,"column":21},"end":{"line":18,"column":50}},"type":"cond-expr","locations":[{"start":{"line":17,"column":6},"end":{"line":17,"column":51}},{"start":{"line":18,"column":6},"end":{"line":18,"column":50}}],"line":16}},"s":{"0":7,"1":7,"2":12,"3":6,"4":6,"5":6,"6":0,"7":0},"f":{"0":7,"1":12,"2":0,"3":0},"b":{"0":[0,6]},"_coverageSchema":"1a1c01bbd47fc00a2c39e90264f33305004495a9","hash":"87ddd20c3ad47547a2e1811c7162b00350ec2dde"}
,"/Users/sitan/Desktop/Site fin d'annee/Dev3_new/AstroMood_app/frontend/features/auth/AuthSlice.ts": {"path":"/Users/sitan/Desktop/Site fin d'annee/Dev3_new/AstroMood_app/frontend/features/auth/AuthSlice.ts","statementMap":{"0":{"start":{"line":28,"column":32},"end":{"line":33,"column":1}},"1":{"start":{"line":35,"column":25},"end":{"line":63,"column":2}},"2":{"start":{"line":40,"column":6},"end":{"line":40,"column":39}},"3":{"start":{"line":43,"column":6},"end":{"line":43,"column":47}},"4":{"start":{"line":46,"column":6},"end":{"line":46,"column":39}},"5":{"start":{"line":47,"column":6},"end":{"line":47,"column":41}},"6":{"start":{"line":48,"column":6},"end":{"line":48,"column":30}},"7":{"start":{"line":49,"column":6},"end":{"line":49,"column":38}},"8":{"start":{"line":52,"column":6},"end":{"line":54,"column":7}},"9":{"start":{"line":53,"column":8},"end":{"line":53,"column":58}},"10":{"start":{"line":57,"column":6},"end":{"line":57,"column":24}},"11":{"start":{"line":58,"column":6},"end":{"line":58,"column":25}},"12":{"start":{"line":59,"column":6},"end":{"line":59,"column":30}},"13":{"start":{"line":60,"column":6},"end":{"line":60,"column":38}},"14":{"start":{"line":66,"column":2},"end":{"line":66,"column":19}}},"fnMap":{"0":{"name":"(anonymous_0)","decl":{"start":{"line":39,"column":16},"end":{"line":39,"column":17}},"loc":{"start":{"line":39,"column":59},"end":{"line":41,"column":5}},"line":39},"1":{"name":"(anonymous_1)","decl":{"start":{"line":42,"column":24},"end":{"line":42,"column":25}},"loc":{"start":{"line":42,"column":67},"end":{"line":44,"column":5}},"line":42},"2":{"name":"(anonymous_2)","decl":{"start":{"line":45,"column":13},"end":{"line":45,"column":14}},"loc":{"start":{"line":45,"column":78},"end":{"line":50,"column":5}},"line":45},"3":{"name":"(anonymous_3)","decl":{"start":{"line":51,"column":24},"end":{"line":51,"column":25}},"loc":{"start":{"line":51,"column":73},"end":{"line":55,"column":5}},"line":51},"4":{"name":"(anonymous_4)","decl":{"start":{"line":56,"column":15},"end":{"line":56,"column":16}},"loc":{"start":{"line":56,"column":26},"end":{"line":61,"column":5}},"line":56}},"branchMap":{"0":{"loc":{"start":{"line":52,"column":6},"end":{"line":54,"column":7}},"type":"if","locations":[{"start":{"line":52,"column":6},"end":{"line":54,"column":7}},{"start":{},"end":{}}],"line":52}},"s":{"0":6,"1":6,"2":0,"3":0,"4":0,"5":0,"6":0,"7":0,"8":0,"9":0,"10":0,"11":0,"12":0,"13":0,"14":6},"f":{"0":0,"1":0,"2":0,"3":0,"4":0},"b":{"0":[0,0]},"_coverageSchema":"1a1c01bbd47fc00a2c39e90264f33305004495a9","hash":"7aca562871212241da22b4af3e39edb5494cf3fd"}
,"/Users/sitan/Desktop/Site fin d'annee/Dev3_new/AstroMood_app/frontend/features/auth/SignUpScreen.tsx": {"path":"/Users/sitan/Desktop/Site fin d'annee/Dev3_new/AstroMood_app/frontend/features/auth/SignUpScreen.tsx","statementMap":{"0":{"start":{"line":16,"column":17},"end":{"line":16,"column":33}},"1":{"start":{"line":18,"column":26},"end":{"line":18,"column":37}},"2":{"start":{"line":19,"column":34},"end":{"line":28,"column":4}},"3":{"start":{"line":30,"column":21},"end":{"line":31,"column":49}},"4":{"start":{"line":31,"column":4},"end":{"line":31,"column":49}},"5":{"start":{"line":31,"column":27},"end":{"line":31,"column":47}},"6":{"start":{"line":33,"column":19},"end":{"line":33,"column":52}},"7":{"start":{"line":33,"column":25},"end":{"line":33,"column":52}},"8":{"start":{"line":33,"column":43},"end":{"line":33,"column":51}},"9":{"start":{"line":34,"column":17},"end":{"line":34,"column":50}},"10":{"start":{"line":34,"column":23},"end":{"line":34,"column":50}},"11":{"start":{"line":34,"column":41},"end":{"line":34,"column":49}},"12":{"start":{"line":36,"column":21},"end":{"line":76,"column":3}},"13":{"start":{"line":37,"column":91},"end":{"line":37,"column":99}},"14":{"start":{"line":38,"column":4},"end":{"line":41,"column":5}},"15":{"start":{"line":39,"column":6},"end":{"line":39,"column":38}},"16":{"start":{"line":40,"column":6},"end":{"line":40,"column":13}},"17":{"start":{"line":42,"column":4},"end":{"line":75,"column":5}},"18":{"start":{"line":43,"column":18},"end":{"line":43,"column":35}},"19":{"start":{"line":44,"column":18},"end":{"line":44,"column":35}},"20":{"start":{"line":45,"column":18},"end":{"line":47,"column":7}},"21":{"start":{"line":49,"column":21},"end":{"line":49,"column":37}},"22":{"start":{"line":50,"column":6},"end":{"line":50,"column":77}},"23":{"start":{"line":50,"column":19},"end":{"line":50,"column":77}},"24":{"start":{"line":51,"column":63},"end":{"line":51,"column":69}},"25":{"start":{"line":52,"column":24},"end":{"line":64,"column":7}},"26":{"start":{"line":65,"column":6},"end":{"line":71,"column":7}},"27":{"start":{"line":66,"column":8},"end":{"line":66,"column":46}},"28":{"start":{"line":69,"column":8},"end":{"line":69,"column":34}},"29":{"start":{"line":70,"column":8},"end":{"line":70,"column":38}},"30":{"start":{"line":73,"column":6},"end":{"line":73,"column":44}},"31":{"start":{"line":74,"column":6},"end":{"line":74,"column":40}},"32":{"start":{"line":78,"column":2},"end":{"line":107,"column":33}},"33":{"start":{"line":79,"column":19},"end":{"line":79,"column":73}},"34":{"start":{"line":81,"column":4},"end":{"line":106,"column":7}},"35":{"start":{"line":87,"column":8},"end":{"line":104,"column":27}},"36":{"start":{"line":90,"column":12},"end":{"line":94,"column":13}},"37":{"start":{"line":91,"column":14},"end":{"line":91,"column":23}},"38":{"start":{"line":93,"column":14},"end":{"line":93,"column":34}},"39":{"start":{"line":109,"column":2},"end":{"line":124,"column":4}}},"fnMap":{"0":{"name":"SignUpScreen","decl":{"start":{"line":13,"column":24},"end":{"line":13,"column":36}},"loc":{"start":{"line":13,"column":58},"end":{"line":125,"column":1}},"line":13},"1":{"name":"(anonymous_1)","decl":{"start":{"line":30,"column":21},"end":{"line":30,"column":22}},"loc":{"start":{"line":31,"column":4},"end":{"line":31,"column":49}},"line":31},"2":{"name":"(anonymous_2)","decl":{"start":{"line":31,"column":16},"end":{"line":31,"column":17}},"loc":{"start":{"line":31,"column":27},"end":{"line":31,"column":47}},"line":31},"3":{"name":"(anonymous_3)","decl":{"start":{"line":33,"column":19},"end":{"line":33,"column":20}},"loc":{"start":{"line":33,"column":25},"end":{"line":33,"column":52}},"line":33},"4":{"name":"(anonymous_4)","decl":{"start":{"line":33,"column":33},"end":{"line":33,"column":34}},"loc":{"start":{"line":33,"column":43},"end":{"line":33,"column":51}},"line":33},"5":{"name":"(anonymous_5)","decl":{"start":{"line":34,"column":17},"end":{"line":34,"column":18}},"loc":{"start":{"line":34,"column":23},"end":{"line":34,"column":50}},"line":34},"6":{"name":"(anonymous_6)","decl":{"start":{"line":34,"column":31},"end":{"line":34,"column":32}},"loc":{"start":{"line":34,"column":41},"end":{"line":34,"column":49}},"line":34},"7":{"name":"(anonymous_7)","decl":{"start":{"line":36,"column":21},"end":{"line":36,"column":22}},"loc":{"start":{"line":36,"column":33},"end":{"line":76,"column":3}},"line":36},"8":{"name":"(anonymous_8)","decl":{"start":{"line":78,"column":18},"end":{"line":78,"column":19}},"loc":{"start":{"line":78,"column":24},"end":{"line":107,"column":3}},"line":78},"9":{"name":"(anonymous_9)","decl":{"start":{"line":86,"column":18},"end":{"line":86,"column":19}},"loc":{"start":{"line":87,"column":8},"end":{"line":104,"column":27}},"line":87},"10":{"name":"(anonymous_10)","decl":{"start":{"line":89,"column":19},"end":{"line":89,"column":20}},"loc":{"start":{"line":89,"column":25},"end":{"line":95,"column":11}},"line":89}},"branchMap":{"0":{"loc":{"start":{"line":38,"column":4},"end":{"line":41,"column":5}},"type":"if","locations":[{"start":{"line":38,"column":4},"end":{"line":41,"column":5}},{"start":{},"end":{}}],"line":38},"1":{"loc":{"start":{"line":38,"column":8},"end":{"line":38,"column":65}},"type":"binary-expr","locations":[{"start":{"line":38,"column":8},"end":{"line":38,"column":20}},{"start":{"line":38,"column":24},"end":{"line":38,"column":36}},{"start":{"line":38,"column":40},"end":{"line":38,"column":54}},{"start":{"line":38,"column":58},"end":{"line":38,"column":65}}],"line":38},"2":{"loc":{"start":{"line":50,"column":6},"end":{"line":50,"column":77}},"type":"if","locations":[{"start":{"line":50,"column":6},"end":{"line":50,"column":77}},{"start":{},"end":{}}],"line":50},"3":{"loc":{"start":{"line":50,"column":35},"end":{"line":50,"column":75}},"type":"binary-expr","locations":[{"start":{"line":50,"column":35},"end":{"line":50,"column":47}},{"start":{"line":50,"column":51},"end":{"line":50,"column":75}}],"line":50},"4":{"loc":{"start":{"line":65,"column":6},"end":{"line":71,"column":7}},"type":"if","locations":[{"start":{"line":65,"column":6},"end":{"line":71,"column":7}},{"start":{"line":68,"column":13},"end":{"line":71,"column":7}}],"line":65},"5":{"loc":{"start":{"line":90,"column":12},"end":{"line":94,"column":13}},"type":"if","locations":[{"start":{"line":90,"column":12},"end":{"line":94,"column":13}},{"start":{"line":92,"column":19},"end":{"line":94,"column":13}}],"line":90},"6":{"loc":{"start":{"line":101,"column":15},"end":{"line":101,"column":37}},"type":"binary-expr","locations":[{"start":{"line":101,"column":15},"end":{"line":101,"column":31}},{"start":{"line":101,"column":35},"end":{"line":101,"column":37}}],"line":101},"7":{"loc":{"start":{"line":111,"column":7},"end":{"line":111,"column":94}},"type":"binary-expr","locations":[{"start":{"line":111,"column":7},"end":{"line":111,"column":17}},{"start":{"line":111,"column":21},"end":{"line":111,"column":94}}],"line":111},"8":{"loc":{"start":{"line":112,"column":7},"end":{"line":114,"column":7}},"type":"binary-expr","locations":[{"start":{"line":112,"column":7},"end":{"line":112,"column":17}},{"start":{"line":113,"column":8},"end":{"line":113,"column":97}}],"line":112},"9":{"loc":{"start":{"line":115,"column":7},"end":{"line":122,"column":7}},"type":"binary-expr","locations":[{"start":{"line":115,"column":7},"end":{"line":115,"column":17}},{"start":{"line":116,"column":8},"end":{"line":121,"column":10}}],"line":115}},"s":{"0":169,"1":169,"2":169,"3":169,"4":99,"5":99,"6":169,"7":37,"8":37,"9":169,"10":0,"11":0,"12":169,"13":5,"14":5,"15":5,"16":5,"17":0,"18":0,"19":0,"20":0,"21":0,"22":0,"23":0,"24":0,"25":0,"26":0,"27":0,"28":0,"29":0,"30":0,"31":0,"32":169,"33":169,"34":169,"35":0,"36":0,"37":0,"38":0,"39":169},"f":{"0":169,"1":99,"2":99,"3":37,"4":37,"5":0,"6":0,"7":5,"8":169,"9":0,"10":0},"b":{"0":[5,0],"1":[5,0,0,0],"2":[0,0],"3":[0,0],"4":[0,0],"5":[0,0],"6":[0,0],"7":[169,89],"8":[169,67],"9":[169,13]},"_coverageSchema":"1a1c01bbd47fc00a2c39e90264f33305004495a9","hash":"a82b3f5ba1a8c407f0696c0446ce99346c667778"}
,"/Users/sitan/Desktop/Site fin d'annee/Dev3_new/AstroMood_app/frontend/features/auth/useAuth.ts": {"path":"/Users/sitan/Desktop/Site fin d'annee/Dev3_new/AstroMood_app/frontend/features/auth/useAuth.ts","statementMap":{"0":{"start":{"line":13,"column":22},"end":{"line":63,"column":1}},"1":{"start":{"line":26,"column":26},"end":{"line":42,"column":4}},"2":{"start":{"line":44,"column":2},"end":{"line":54,"column":5}},"3":{"start":{"line":56,"column":2},"end":{"line":60,"column":3}},"4":{"start":{"line":57,"column":4},"end":{"line":57,"column":42}},"5":{"start":{"line":59,"column":4},"end":{"line":59,"column":41}},"6":{"start":{"line":62,"column":2},"end":{"line":62,"column":25}},"7":{"start":{"line":65,"column":22},"end":{"line":150,"column":1}},"8":{"start":{"line":66,"column":2},"end":{"line":149,"column":3}},"9":{"start":{"line":67,"column":4},"end":{"line":67,"column":31}},"10":{"start":{"line":69,"column":28},"end":{"line":72,"column":6}},"11":{"start":{"line":74,"column":4},"end":{"line":77,"column":5}},"12":{"start":{"line":75,"column":6},"end":{"line":75,"column":34}},"13":{"start":{"line":76,"column":6},"end":{"line":76,"column":29}},"14":{"start":{"line":79,"column":4},"end":{"line":143,"column":5}},"15":{"start":{"line":80,"column":23},"end":{"line":80,"column":52}},"16":{"start":{"line":82,"column":6},"end":{"line":102,"column":8}},"17":{"start":{"line":104,"column":6},"end":{"line":142,"column":7}},"18":{"start":{"line":105,"column":8},"end":{"line":105,"column":65}},"19":{"start":{"line":106,"column":8},"end":{"line":106,"column":43}},"20":{"start":{"line":108,"column":29},"end":{"line":115,"column":9}},"21":{"start":{"line":117,"column":8},"end":{"line":141,"column":9}},"22":{"start":{"line":118,"column":10},"end":{"line":118,"column":44}},"23":{"start":{"line":120,"column":10},"end":{"line":120,"column":58}},"24":{"start":{"line":122,"column":10},"end":{"line":122,"column":68}},"25":{"start":{"line":122,"column":41},"end":{"line":122,"column":66}},"26":{"start":{"line":124,"column":45},"end":{"line":124,"column":81}},"27":{"start":{"line":126,"column":10},"end":{"line":136,"column":11}},"28":{"start":{"line":127,"column":36},"end":{"line":127,"column":77}},"29":{"start":{"line":129,"column":12},"end":{"line":135,"column":14}},"30":{"start":{"line":138,"column":10},"end":{"line":138,"column":71}},"31":{"start":{"line":140,"column":10},"end":{"line":140,"column":46}},"32":{"start":{"line":145,"column":4},"end":{"line":145,"column":27}},"33":{"start":{"line":147,"column":4},"end":{"line":147,"column":32}},"34":{"start":{"line":148,"column":4},"end":{"line":148,"column":33}},"35":{"start":{"line":152,"column":22},"end":{"line":155,"column":1}},"36":{"start":{"line":153,"column":2},"end":{"line":153,"column":32}},"37":{"start":{"line":154,"column":2},"end":{"line":154,"column":24}},"38":{"start":{"line":157,"column":29},"end":{"line":185,"column":1}},"39":{"start":{"line":158,"column":2},"end":{"line":184,"column":3}},"40":{"start":{"line":162,"column":8},"end":{"line":162,"column":37}},"41":{"start":{"line":163,"column":4},"end":{"line":165,"column":5}},"42":{"start":{"line":164,"column":6},"end":{"line":164,"column":70}},"43":{"start":{"line":166,"column":16},"end":{"line":170,"column":6}},"44":{"start":{"line":171,"column":17},"end":{"line":171,"column":33}},"45":{"start":{"line":173,"column":4},"end":{"line":176,"column":5}},"46":{"start":{"line":174,"column":6},"end":{"line":174,"column":58}},"47":{"start":{"line":175,"column":6},"end":{"line":175,"column":67}},"48":{"start":{"line":178,"column":4},"end":{"line":178,"column":34}},"49":{"start":{"line":179,"column":4},"end":{"line":179,"column":26}},"50":{"start":{"line":180,"column":4},"end":{"line":180,"column":39}},"51":{"start":{"line":182,"column":4},"end":{"line":182,"column":60}},"52":{"start":{"line":183,"column":4},"end":{"line":183,"column":78}},"53":{"start":{"line":187,"column":29},"end":{"line":257,"column":1}},"54":{"start":{"line":196,"column":2},"end":{"line":256,"column":3}},"55":{"start":{"line":200,"column":8},"end":{"line":200,"column":37}},"56":{"start":{"line":202,"column":4},"end":{"line":204,"column":5}},"57":{"start":{"line":203,"column":6},"end":{"line":203,"column":73}},"58":{"start":{"line":206,"column":28},"end":{"line":213,"column":5}},"59":{"start":{"line":215,"column":4},"end":{"line":217,"column":5}},"60":{"start":{"line":216,"column":6},"end":{"line":216,"column":39}},"61":{"start":{"line":219,"column":28},"end":{"line":219,"column":70}},"62":{"start":{"line":221,"column":4},"end":{"line":224,"column":5}},"63":{"start":{"line":222,"column":6},"end":{"line":222,"column":52}},"64":{"start":{"line":223,"column":6},"end":{"line":223,"column":23}},"65":{"start":{"line":226,"column":4},"end":{"line":250,"column":5}},"66":{"start":{"line":227,"column":23},"end":{"line":227,"column":52}},"67":{"start":{"line":229,"column":6},"end":{"line":249,"column":8}},"68":{"start":{"line":252,"column":4},"end":{"line":252,"column":20}},"69":{"start":{"line":254,"column":4},"end":{"line":254,"column":63}},"70":{"start":{"line":255,"column":4},"end":{"line":255,"column":71}}},"fnMap":{"0":{"name":"(anonymous_0)","decl":{"start":{"line":13,"column":22},"end":{"line":13,"column":23}},"loc":{"start":{"line":25,"column":5},"end":{"line":63,"column":1}},"line":25},"1":{"name":"(anonymous_1)","decl":{"start":{"line":65,"column":22},"end":{"line":65,"column":23}},"loc":{"start":{"line":65,"column":88},"end":{"line":150,"column":1}},"line":65},"2":{"name":"(anonymous_2)","decl":{"start":{"line":122,"column":28},"end":{"line":122,"column":29}},"loc":{"start":{"line":122,"column":41},"end":{"line":122,"column":66}},"line":122},"3":{"name":"(anonymous_3)","decl":{"start":{"line":152,"column":22},"end":{"line":152,"column":23}},"loc":{"start":{"line":152,"column":55},"end":{"line":155,"column":1}},"line":152},"4":{"name":"(anonymous_4)","decl":{"start":{"line":157,"column":29},"end":{"line":157,"column":30}},"loc":{"start":{"line":157,"column":62},"end":{"line":185,"column":1}},"line":157},"5":{"name":"(anonymous_5)","decl":{"start":{"line":187,"column":29},"end":{"line":187,"column":30}},"loc":{"start":{"line":195,"column":5},"end":{"line":257,"column":1}},"line":195}},"branchMap":{"0":{"loc":{"start":{"line":56,"column":2},"end":{"line":60,"column":3}},"type":"if","locations":[{"start":{"line":56,"column":2},"end":{"line":60,"column":3}},{"start":{"line":58,"column":9},"end":{"line":60,"column":3}}],"line":56},"1":{"loc":{"start":{"line":74,"column":4},"end":{"line":77,"column":5}},"type":"if","locations":[{"start":{"line":74,"column":4},"end":{"line":77,"column":5}},{"start":{},"end":{}}],"line":74},"2":{"loc":{"start":{"line":79,"column":4},"end":{"line":143,"column":5}},"type":"if","locations":[{"start":{"line":79,"column":4},"end":{"line":143,"column":5}},{"start":{},"end":{}}],"line":79},"3":{"loc":{"start":{"line":79,"column":8},"end":{"line":79,"column":34}},"type":"binary-expr","locations":[{"start":{"line":79,"column":8},"end":{"line":79,"column":21}},{"start":{"line":79,"column":25},"end":{"line":79,"column":34}}],"line":79},"4":{"loc":{"start":{"line":80,"column":23},"end":{"line":80,"column":52}},"type":"binary-expr","locations":[{"start":{"line":80,"column":23},"end":{"line":80,"column":46}},{"start":{"line":80,"column":50},"end":{"line":80,"column":52}}],"line":80},"5":{"loc":{"start":{"line":86,"column":19},"end":{"line":86,"column":40}},"type":"binary-expr","locations":[{"start":{"line":86,"column":19},"end":{"line":86,"column":34}},{"start":{"line":86,"column":38},"end":{"line":86,"column":40}}],"line":86},"6":{"loc":{"start":{"line":87,"column":22},"end":{"line":87,"column":45}},"type":"binary-expr","locations":[{"start":{"line":87,"column":22},"end":{"line":87,"column":39}},{"start":{"line":87,"column":43},"end":{"line":87,"column":45}}],"line":87},"7":{"loc":{"start":{"line":104,"column":6},"end":{"line":142,"column":7}},"type":"if","locations":[{"start":{"line":104,"column":6},"end":{"line":142,"column":7}},{"start":{},"end":{}}],"line":104},"8":{"loc":{"start":{"line":126,"column":10},"end":{"line":136,"column":11}},"type":"if","locations":[{"start":{"line":126,"column":10},"end":{"line":136,"column":11}},{"start":{},"end":{}}],"line":126},"9":{"loc":{"start":{"line":127,"column":36},"end":{"line":127,"column":77}},"type":"binary-expr","locations":[{"start":{"line":127,"column":36},"end":{"line":127,"column":71}},{"start":{"line":127,"column":75},"end":{"line":127,"column":77}}],"line":127},"10":{"loc":{"start":{"line":163,"column":4},"end":{"line":165,"column":5}},"type":"if","locations":[{"start":{"line":163,"column":4},"end":{"line":165,"column":5}},{"start":{},"end":{}}],"line":163},"11":{"loc":{"start":{"line":163,"column":8},"end":{"line":163,"column":26}},"type":"binary-expr","locations":[{"start":{"line":163,"column":8},"end":{"line":163,"column":17}},{"start":{"line":163,"column":21},"end":{"line":163,"column":26}}],"line":163},"12":{"loc":{"start":{"line":164,"column":22},"end":{"line":164,"column":67}},"type":"binary-expr","locations":[{"start":{"line":164,"column":22},"end":{"line":164,"column":31}},{"start":{"line":164,"column":35},"end":{"line":164,"column":67}}],"line":164},"13":{"loc":{"start":{"line":173,"column":4},"end":{"line":176,"column":5}},"type":"if","locations":[{"start":{"line":173,"column":4},"end":{"line":176,"column":5}},{"start":{},"end":{}}],"line":173},"14":{"loc":{"start":{"line":175,"column":33},"end":{"line":175,"column":62}},"type":"binary-expr","locations":[{"start":{"line":175,"column":33},"end":{"line":175,"column":43}},{"start":{"line":175,"column":47},"end":{"line":175,"column":62}}],"line":175},"15":{"loc":{"start":{"line":202,"column":4},"end":{"line":204,"column":5}},"type":"if","locations":[{"start":{"line":202,"column":4},"end":{"line":204,"column":5}},{"start":{},"end":{}}],"line":202},"16":{"loc":{"start":{"line":202,"column":8},"end":{"line":202,"column":36}},"type":"binary-expr","locations":[{"start":{"line":202,"column":8},"end":{"line":202,"column":20}},{"start":{"line":202,"column":24},"end":{"line":202,"column":36}}],"line":202},"17":{"loc":{"start":{"line":203,"column":22},"end":{"line":203,"column":70}},"type":"binary-expr","locations":[{"start":{"line":203,"column":22},"end":{"line":203,"column":34}},{"start":{"line":203,"column":38},"end":{"line":203,"column":70}}],"line":203},"18":{"loc":{"start":{"line":209,"column":12},"end":{"line":209,"column":62}},"type":"binary-expr","locations":[{"start":{"line":209,"column":12},"end":{"line":209,"column":28}},{"start":{"line":209,"column":32},"end":{"line":209,"column":62}}],"line":209},"19":{"loc":{"start":{"line":210,"column":12},"end":{"line":210,"column":68}},"type":"binary-expr","locations":[{"start":{"line":210,"column":12},"end":{"line":210,"column":30}},{"start":{"line":210,"column":34},"end":{"line":210,"column":68}}],"line":210},"20":{"loc":{"start":{"line":211,"column":12},"end":{"line":211,"column":85}},"type":"binary-expr","locations":[{"start":{"line":211,"column":12},"end":{"line":211,"column":31}},{"start":{"line":211,"column":35},"end":{"line":211,"column":85}}],"line":211},"21":{"loc":{"start":{"line":215,"column":4},"end":{"line":217,"column":5}},"type":"if","locations":[{"start":{"line":215,"column":4},"end":{"line":217,"column":5}},{"start":{},"end":{}}],"line":215},"22":{"loc":{"start":{"line":215,"column":8},"end":{"line":215,"column":60}},"type":"binary-expr","locations":[{"start":{"line":215,"column":8},"end":{"line":215,"column":21}},{"start":{"line":215,"column":25},"end":{"line":215,"column":60}}],"line":215},"23":{"loc":{"start":{"line":221,"column":4},"end":{"line":224,"column":5}},"type":"if","locations":[{"start":{"line":221,"column":4},"end":{"line":224,"column":5}},{"start":{},"end":{}}],"line":221},"24":{"loc":{"start":{"line":226,"column":4},"end":{"line":250,"column":5}},"type":"if","locations":[{"start":{"line":226,"column":4},"end":{"line":250,"column":5}},{"start":{},"end":{}}],"line":226},"25":{"loc":{"start":{"line":227,"column":23},"end":{"line":227,"column":52}},"type":"binary-expr","locations":[{"start":{"line":227,"column":23},"end":{"line":227,"column":46}},{"start":{"line":227,"column":50},"end":{"line":227,"column":52}}],"line":227},"26":{"loc":{"start":{"line":233,"column":19},"end":{"line":233,"column":40}},"type":"binary-expr","locations":[{"start":{"line":233,"column":19},"end":{"line":233,"column":34}},{"start":{"line":233,"column":38},"end":{"line":233,"column":40}}],"line":233},"27":{"loc":{"start":{"line":234,"column":22},"end":{"line":234,"column":45}},"type":"binary-expr","locations":[{"start":{"line":234,"column":22},"end":{"line":234,"column":39}},{"start":{"line":234,"column":43},"end":{"line":234,"column":45}}],"line":234},"28":{"loc":{"start":{"line":247,"column":17},"end":{"line":247,"column":54}},"type":"binary-expr","locations":[{"start":{"line":247,"column":17},"end":{"line":247,"column":48}},{"start":{"line":247,"column":52},"end":{"line":247,"column":54}}],"line":247}},"s":{"0":2,"1":0,"2":0,"3":0,"4":0,"5":0,"6":0,"7":2,"8":0,"9":0,"10":0,"11":0,"12":0,"13":0,"14":0,"15":0,"16":0,"17":0,"18":0,"19":0,"20":0,"21":0,"22":0,"23":0,"24":0,"25":0,"26":0,"27":0,"28":0,"29":0,"30":0,"31":0,"32":0,"33":0,"34":0,"35":2,"36":0,"37":0,"38":2,"39":0,"40":0,"41":0,"42":0,"43":0,"44":0,"45":0,"46":0,"47":0,"48":0,"49":0,"50":0,"51":0,"52":0,"53":2,"54":0,"55":0,"56":0,"57":0,"58":0,"59":0,"60":0,"61":0,"62":0,"63":0,"64":0,"65":0,"66":0,"67":0,"68":0,"69":0,"70":0},"f":{"0":0,"1":0,"2":0,"3":0,"4":0,"5":0},"b":{"0":[0,0],"1":[0,0],"2":[0,0],"3":[0,0],"4":[0,0],"5":[0,0],"6":[0,0],"7":[0,0],"8":[0,0],"9":[0,0],"10":[0,0],"11":[0,0],"12":[0,0],"13":[0,0],"14":[0,0],"15":[0,0],"16":[0,0],"17":[0,0],"18":[0,0],"19":[0,0],"20":[0,0],"21":[0,0],"22":[0,0],"23":[0,0],"24":[0,0],"25":[0,0],"26":[0,0],"27":[0,0],"28":[0,0]},"_coverageSchema":"1a1c01bbd47fc00a2c39e90264f33305004495a9","hash":"92aabc2d529a00451c354afe976cd7d317f573e8"}
,"/Users/sitan/Desktop/Site fin d'annee/Dev3_new/AstroMood_app/frontend/features/auth/components/StepOne.tsx": {"path":"/Users/sitan/Desktop/Site fin d'annee/Dev3_new/AstroMood_app/frontend/features/auth/components/StepOne.tsx","statementMap":{"0":{"start":{"line":19,"column":17},"end":{"line":19,"column":33}},"1":{"start":{"line":21,"column":52},"end":{"line":21,"column":67}},"2":{"start":{"line":22,"column":38},"end":{"line":22,"column":50}},"3":{"start":{"line":23,"column":44},"end":{"line":23,"column":56}},"4":{"start":{"line":25,"column":25},"end":{"line":25,"column":42}},"5":{"start":{"line":27,"column":2},"end":{"line":45,"column":9}},"6":{"start":{"line":28,"column":36},"end":{"line":33,"column":6}},"7":{"start":{"line":29,"column":6},"end":{"line":32,"column":9}},"8":{"start":{"line":34,"column":36},"end":{"line":39,"column":6}},"9":{"start":{"line":35,"column":6},"end":{"line":38,"column":9}},"10":{"start":{"line":41,"column":4},"end":{"line":44,"column":6}},"11":{"start":{"line":42,"column":6},"end":{"line":42,"column":40}},"12":{"start":{"line":43,"column":6},"end":{"line":43,"column":40}},"13":{"start":{"line":47,"column":30},"end":{"line":55,"column":4}},"14":{"start":{"line":48,"column":4},"end":{"line":54,"column":6}},"15":{"start":{"line":57,"column":24},"end":{"line":60,"column":3}},"16":{"start":{"line":58,"column":18},"end":{"line":58,"column":46}},"17":{"start":{"line":59,"column":4},"end":{"line":59,"column":29}},"18":{"start":{"line":62,"column":27},"end":{"line":64,"column":3}},"19":{"start":{"line":63,"column":4},"end":{"line":63,"column":32}},"20":{"start":{"line":66,"column":24},"end":{"line":69,"column":3}},"21":{"start":{"line":67,"column":4},"end":{"line":67,"column":32}},"22":{"start":{"line":68,"column":4},"end":{"line":68,"column":61}},"23":{"start":{"line":68,"column":43},"end":{"line":68,"column":61}},"24":{"start":{"line":71,"column":22},"end":{"line":74,"column":3}},"25":{"start":{"line":72,"column":4},"end":{"line":73,"column":27}},"26":{"start":{"line":72,"column":40},"end":{"line":72,"column":78}},"27":{"start":{"line":73,"column":9},"end":{"line":73,"column":27}},"28":{"start":{"line":76,"column":27},"end":{"line":79,"column":3}},"29":{"start":{"line":77,"column":4},"end":{"line":77,"column":35}},"30":{"start":{"line":78,"column":4},"end":{"line":78,"column":70}},"31":{"start":{"line":78,"column":49},"end":{"line":78,"column":70}},"32":{"start":{"line":81,"column":25},"end":{"line":85,"column":3}},"33":{"start":{"line":82,"column":4},"end":{"line":84,"column":30}},"34":{"start":{"line":83,"column":6},"end":{"line":83,"column":65}},"35":{"start":{"line":84,"column":9},"end":{"line":84,"column":30}},"36":{"start":{"line":88,"column":4},"end":{"line":91,"column":39}},"37":{"start":{"line":93,"column":2},"end":{"line":164,"column":4}},"38":{"start":{"line":138,"column":31},"end":{"line":138,"column":62}},"39":{"start":{"line":138,"column":59},"end":{"line":138,"column":61}}},"fnMap":{"0":{"name":"StepOne","decl":{"start":{"line":16,"column":24},"end":{"line":16,"column":31}},"loc":{"start":{"line":16,"column":71},"end":{"line":165,"column":1}},"line":16},"1":{"name":"(anonymous_1)","decl":{"start":{"line":27,"column":12},"end":{"line":27,"column":13}},"loc":{"start":{"line":27,"column":18},"end":{"line":45,"column":3}},"line":27},"2":{"name":"(anonymous_2)","decl":{"start":{"line":28,"column":76},"end":{"line":28,"column":77}},"loc":{"start":{"line":28,"column":87},"end":{"line":33,"column":5}},"line":28},"3":{"name":"(anonymous_3)","decl":{"start":{"line":34,"column":76},"end":{"line":34,"column":77}},"loc":{"start":{"line":34,"column":82},"end":{"line":39,"column":5}},"line":34},"4":{"name":"(anonymous_4)","decl":{"start":{"line":41,"column":11},"end":{"line":41,"column":12}},"loc":{"start":{"line":41,"column":17},"end":{"line":44,"column":5}},"line":41},"5":{"name":"(anonymous_5)","decl":{"start":{"line":47,"column":47},"end":{"line":47,"column":48}},"loc":{"start":{"line":47,"column":53},"end":{"line":55,"column":3}},"line":47},"6":{"name":"(anonymous_6)","decl":{"start":{"line":57,"column":24},"end":{"line":57,"column":25}},"loc":{"start":{"line":57,"column":43},"end":{"line":60,"column":3}},"line":57},"7":{"name":"(anonymous_7)","decl":{"start":{"line":62,"column":27},"end":{"line":62,"column":28}},"loc":{"start":{"line":62,"column":49},"end":{"line":64,"column":3}},"line":62},"8":{"name":"(anonymous_8)","decl":{"start":{"line":66,"column":24},"end":{"line":66,"column":25}},"loc":{"start":{"line":66,"column":42},"end":{"line":69,"column":3}},"line":66},"9":{"name":"(anonymous_9)","decl":{"start":{"line":71,"column":22},"end":{"line":71,"column":23}},"loc":{"start":{"line":71,"column":28},"end":{"line":74,"column":3}},"line":71},"10":{"name":"(anonymous_10)","decl":{"start":{"line":76,"column":27},"end":{"line":76,"column":28}},"loc":{"start":{"line":76,"column":45},"end":{"line":79,"column":3}},"line":76},"11":{"name":"(anonymous_11)","decl":{"start":{"line":81,"column":25},"end":{"line":81,"column":26}},"loc":{"start":{"line":81,"column":31},"end":{"line":85,"column":3}},"line":81},"12":{"name":"(anonymous_12)","decl":{"start":{"line":138,"column":25},"end":{"line":138,"column":26}},"loc":{"start":{"line":138,"column":31},"end":{"line":138,"column":62}},"line":138},"13":{"name":"(anonymous_13)","decl":{"start":{"line":138,"column":52},"end":{"line":138,"column":53}},"loc":{"start":{"line":138,"column":59},"end":{"line":138,"column":61}},"line":138}},"branchMap":{"0":{"loc":{"start":{"line":68,"column":4},"end":{"line":68,"column":61}},"type":"if","locations":[{"start":{"line":68,"column":4},"end":{"line":68,"column":61}},{"start":{},"end":{}}],"line":68},"1":{"loc":{"start":{"line":68,"column":8},"end":{"line":68,"column":41}},"type":"binary-expr","locations":[{"start":{"line":68,"column":8},"end":{"line":68,"column":18}},{"start":{"line":68,"column":22},"end":{"line":68,"column":41}}],"line":68},"2":{"loc":{"start":{"line":72,"column":4},"end":{"line":73,"column":27}},"type":"if","locations":[{"start":{"line":72,"column":4},"end":{"line":73,"column":27}},{"start":{"line":73,"column":9},"end":{"line":73,"column":27}}],"line":72},"3":{"loc":{"start":{"line":78,"column":4},"end":{"line":78,"column":70}},"type":"if","locations":[{"start":{"line":78,"column":4},"end":{"line":78,"column":70}},{"start":{},"end":{}}],"line":78},"4":{"loc":{"start":{"line":78,"column":8},"end":{"line":78,"column":47}},"type":"binary-expr","locations":[{"start":{"line":78,"column":8},"end":{"line":78,"column":21}},{"start":{"line":78,"column":25},"end":{"line":78,"column":47}}],"line":78},"5":{"loc":{"start":{"line":82,"column":4},"end":{"line":84,"column":30}},"type":"if","locations":[{"start":{"line":82,"column":4},"end":{"line":84,"column":30}},{"start":{"line":84,"column":9},"end":{"line":84,"column":30}}],"line":82},"6":{"loc":{"start":{"line":88,"column":4},"end":{"line":91,"column":39}},"type":"binary-expr","locations":[{"start":{"line":88,"column":4},"end":{"line":88,"column":29}},{"start":{"line":89,"column":4},"end":{"line":89,"column":32}},{"start":{"line":90,"column":4},"end":{"line":90,"column":33}},{"start":{"line":91,"column":4},"end":{"line":91,"column":39}}],"line":88},"7":{"loc":{"start":{"line":97,"column":16},"end":{"line":97,"column":60}},"type":"cond-expr","locations":[{"start":{"line":97,"column":40},"end":{"line":97,"column":49}},{"start":{"line":97,"column":52},"end":{"line":97,"column":60}}],"line":97},"8":{"loc":{"start":{"line":112,"column":13},"end":{"line":112,"column":96}},"type":"cond-expr","locations":[{"start":{"line":112,"column":26},"end":{"line":112,"column":89}},{"start":{"line":112,"column":92},"end":{"line":112,"column":96}}],"line":112},"9":{"loc":{"start":{"line":113,"column":13},"end":{"line":115,"column":20}},"type":"cond-expr","locations":[{"start":{"line":114,"column":14},"end":{"line":114,"column":80}},{"start":{"line":115,"column":16},"end":{"line":115,"column":20}}],"line":113},"10":{"loc":{"start":{"line":140,"column":24},"end":{"line":140,"column":61}},"type":"cond-expr","locations":[{"start":{"line":140,"column":44},"end":{"line":140,"column":53}},{"start":{"line":140,"column":56},"end":{"line":140,"column":61}}],"line":140},"11":{"loc":{"start":{"line":152,"column":18},"end":{"line":152,"column":77}},"type":"cond-expr","locations":[{"start":{"line":152,"column":28},"end":{"line":152,"column":43}},{"start":{"line":152,"column":46},"end":{"line":152,"column":77}}],"line":152}},"s":{"0":97,"1":97,"2":97,"3":97,"4":97,"5":97,"6":33,"7":0,"8":33,"9":0,"10":33,"11":33,"12":33,"13":97,"14":45,"15":97,"16":30,"17":30,"18":97,"19":30,"20":97,"21":28,"22":28,"23":2,"24":97,"25":4,"26":2,"27":2,"28":97,"29":28,"30":28,"31":2,"32":97,"33":4,"34":2,"35":2,"36":97,"37":97,"38":0,"39":0},"f":{"0":97,"1":33,"2":0,"3":0,"4":33,"5":45,"6":30,"7":30,"8":28,"9":4,"10":28,"11":4,"12":0,"13":0},"b":{"0":[2,26],"1":[28,2],"2":[2,2],"3":[2,26],"4":[28,2],"5":[2,2],"6":[97,56,24,24],"7":[97,0],"8":[2,95],"9":[2,95],"10":[0,97],"11":[24,73]},"_coverageSchema":"1a1c01bbd47fc00a2c39e90264f33305004495a9","hash":"a706b488ae99eacee4ec9c2b3d2d429ffb814d32"}
,"/Users/sitan/Desktop/Site fin d'annee/Dev3_new/AstroMood_app/frontend/features/auth/components/StepThree.tsx": {"path":"/Users/sitan/Desktop/Site fin d'annee/Dev3_new/AstroMood_app/frontend/features/auth/components/StepThree.tsx","statementMap":{"0":{"start":{"line":11,"column":17},"end":{"line":11,"column":33}},"1":{"start":{"line":13,"column":44},"end":{"line":13,"column":59}},"2":{"start":{"line":14,"column":44},"end":{"line":14,"column":59}},"3":{"start":{"line":16,"column":21},"end":{"line":17,"column":61}},"4":{"start":{"line":17,"column":4},"end":{"line":17,"column":61}},"5":{"start":{"line":18,"column":21},"end":{"line":21,"column":30}},"6":{"start":{"line":19,"column":4},"end":{"line":21,"column":30}},"7":{"start":{"line":23,"column":2},"end":{"line":130,"column":4}},"8":{"start":{"line":41,"column":27},"end":{"line":41,"column":49}},"9":{"start":{"line":49,"column":27},"end":{"line":49,"column":49}},"10":{"start":{"line":76,"column":47},"end":{"line":76,"column":70}},"11":{"start":{"line":87,"column":41},"end":{"line":87,"column":90}},"12":{"start":{"line":92,"column":29},"end":{"line":92,"column":52}},"13":{"start":{"line":106,"column":47},"end":{"line":106,"column":70}},"14":{"start":{"line":118,"column":41},"end":{"line":118,"column":90}},"15":{"start":{"line":123,"column":29},"end":{"line":123,"column":52}}},"fnMap":{"0":{"name":"StepThree","decl":{"start":{"line":8,"column":24},"end":{"line":8,"column":33}},"loc":{"start":{"line":8,"column":83},"end":{"line":131,"column":1}},"line":8},"1":{"name":"(anonymous_1)","decl":{"start":{"line":16,"column":21},"end":{"line":16,"column":22}},"loc":{"start":{"line":17,"column":4},"end":{"line":17,"column":61}},"line":17},"2":{"name":"(anonymous_2)","decl":{"start":{"line":18,"column":21},"end":{"line":18,"column":22}},"loc":{"start":{"line":19,"column":4},"end":{"line":21,"column":30}},"line":19},"3":{"name":"(anonymous_3)","decl":{"start":{"line":41,"column":21},"end":{"line":41,"column":22}},"loc":{"start":{"line":41,"column":27},"end":{"line":41,"column":49}},"line":41},"4":{"name":"(anonymous_4)","decl":{"start":{"line":49,"column":21},"end":{"line":49,"column":22}},"loc":{"start":{"line":49,"column":27},"end":{"line":49,"column":49}},"line":49},"5":{"name":"(anonymous_5)","decl":{"start":{"line":76,"column":41},"end":{"line":76,"column":42}},"loc":{"start":{"line":76,"column":47},"end":{"line":76,"column":70}},"line":76},"6":{"name":"(anonymous_6)","decl":{"start":{"line":87,"column":24},"end":{"line":87,"column":25}},"loc":{"start":{"line":87,"column":41},"end":{"line":87,"column":90}},"line":87},"7":{"name":"(anonymous_7)","decl":{"start":{"line":92,"column":23},"end":{"line":92,"column":24}},"loc":{"start":{"line":92,"column":29},"end":{"line":92,"column":52}},"line":92},"8":{"name":"(anonymous_8)","decl":{"start":{"line":106,"column":41},"end":{"line":106,"column":42}},"loc":{"start":{"line":106,"column":47},"end":{"line":106,"column":70}},"line":106},"9":{"name":"(anonymous_9)","decl":{"start":{"line":118,"column":24},"end":{"line":118,"column":25}},"loc":{"start":{"line":118,"column":41},"end":{"line":118,"column":90}},"line":118},"10":{"name":"(anonymous_10)","decl":{"start":{"line":123,"column":23},"end":{"line":123,"column":24}},"loc":{"start":{"line":123,"column":29},"end":{"line":123,"column":52}},"line":123}},"branchMap":{"0":{"loc":{"start":{"line":17,"column":4},"end":{"line":17,"column":61}},"type":"cond-expr","locations":[{"start":{"line":17,"column":11},"end":{"line":17,"column":36}},{"start":{"line":17,"column":39},"end":{"line":17,"column":61}}],"line":17},"1":{"loc":{"start":{"line":19,"column":4},"end":{"line":21,"column":30}},"type":"cond-expr","locations":[{"start":{"line":20,"column":8},"end":{"line":20,"column":75}},{"start":{"line":21,"column":8},"end":{"line":21,"column":30}}],"line":19},"2":{"loc":{"start":{"line":83,"column":21},"end":{"line":83,"column":55}},"type":"binary-expr","locations":[{"start":{"line":83,"column":21},"end":{"line":83,"column":41}},{"start":{"line":83,"column":45},"end":{"line":83,"column":55}}],"line":83},"3":{"loc":{"start":{"line":87,"column":41},"end":{"line":87,"column":90}},"type":"binary-expr","locations":[{"start":{"line":87,"column":41},"end":{"line":87,"column":49}},{"start":{"line":87,"column":53},"end":{"line":87,"column":90}}],"line":87},"4":{"loc":{"start":{"line":113,"column":21},"end":{"line":113,"column":55}},"type":"binary-expr","locations":[{"start":{"line":113,"column":21},"end":{"line":113,"column":41}},{"start":{"line":113,"column":45},"end":{"line":113,"column":55}}],"line":113},"5":{"loc":{"start":{"line":118,"column":41},"end":{"line":118,"column":90}},"type":"binary-expr","locations":[{"start":{"line":118,"column":41},"end":{"line":118,"column":49}},{"start":{"line":118,"column":53},"end":{"line":118,"column":90}}],"line":118}},"s":{"0":17,"1":17,"2":17,"3":17,"4":17,"5":17,"6":17,"7":17,"8":2,"9":2,"10":0,"11":0,"12":0,"13":0,"14":0,"15":0},"f":{"0":17,"1":17,"2":17,"3":2,"4":2,"5":0,"6":0,"7":0,"8":0,"9":0,"10":0},"b":{"0":[0,17],"1":[0,17],"2":[17,17],"3":[0,0],"4":[17,17],"5":[0,0]},"_coverageSchema":"1a1c01bbd47fc00a2c39e90264f33305004495a9","hash":"ed7099debfd0d840818cc91304bf29e8832a29e2"}
,"/Users/sitan/Desktop/Site fin d'annee/Dev3_new/AstroMood_app/frontend/features/auth/components/StepTwo.tsx": {"path":"/Users/sitan/Desktop/Site fin d'annee/Dev3_new/AstroMood_app/frontend/features/auth/components/StepTwo.tsx","statementMap":{"0":{"start":{"line":23,"column":17},"end":{"line":23,"column":33}},"1":{"start":{"line":25,"column":25},"end":{"line":25,"column":42}},"2":{"start":{"line":27,"column":46},"end":{"line":27,"column":61}},"3":{"start":{"line":28,"column":28},"end":{"line":28,"column":62}},"4":{"start":{"line":29,"column":30},"end":{"line":29,"column":49}},"5":{"start":{"line":31,"column":2},"end":{"line":33,"column":14}},"6":{"start":{"line":32,"column":4},"end":{"line":32,"column":29}},"7":{"start":{"line":32,"column":15},"end":{"line":32,"column":29}},"8":{"start":{"line":35,"column":2},"end":{"line":54,"column":9}},"9":{"start":{"line":36,"column":36},"end":{"line":41,"column":6}},"10":{"start":{"line":37,"column":6},"end":{"line":40,"column":9}},"11":{"start":{"line":43,"column":36},"end":{"line":48,"column":6}},"12":{"start":{"line":44,"column":6},"end":{"line":47,"column":9}},"13":{"start":{"line":50,"column":4},"end":{"line":53,"column":6}},"14":{"start":{"line":51,"column":6},"end":{"line":51,"column":40}},"15":{"start":{"line":52,"column":6},"end":{"line":52,"column":40}},"16":{"start":{"line":56,"column":30},"end":{"line":64,"column":4}},"17":{"start":{"line":57,"column":4},"end":{"line":63,"column":6}},"18":{"start":{"line":67,"column":4},"end":{"line":69,"column":35}},"19":{"start":{"line":71,"column":2},"end":{"line":207,"column":4}},"20":{"start":{"line":94,"column":38},"end":{"line":94,"column":68}},"21":{"start":{"line":101,"column":18},"end":{"line":105,"column":30}},"22":{"start":{"line":107,"column":35},"end":{"line":107,"column":61}},"23":{"start":{"line":108,"column":16},"end":{"line":119,"column":18}},"24":{"start":{"line":111,"column":35},"end":{"line":111,"column":65}},"25":{"start":{"line":125,"column":29},"end":{"line":125,"column":52}},"26":{"start":{"line":154,"column":30},"end":{"line":154,"column":54}},"27":{"start":{"line":160,"column":45},"end":{"line":160,"column":69}},"28":{"start":{"line":170,"column":14},"end":{"line":170,"column":29}},"29":{"start":{"line":171,"column":14},"end":{"line":171,"column":73}},"30":{"start":{"line":179,"column":45},"end":{"line":179,"column":56}},"31":{"start":{"line":182,"column":16},"end":{"line":185,"column":18}},"32":{"start":{"line":188,"column":16},"end":{"line":200,"column":35}},"33":{"start":{"line":190,"column":20},"end":{"line":193,"column":23}},"34":{"start":{"line":194,"column":20},"end":{"line":194,"column":45}}},"fnMap":{"0":{"name":"StepTwo","decl":{"start":{"line":20,"column":24},"end":{"line":20,"column":31}},"loc":{"start":{"line":20,"column":71},"end":{"line":208,"column":1}},"line":20},"1":{"name":"(anonymous_1)","decl":{"start":{"line":31,"column":12},"end":{"line":31,"column":13}},"loc":{"start":{"line":31,"column":18},"end":{"line":33,"column":3}},"line":31},"2":{"name":"(anonymous_2)","decl":{"start":{"line":35,"column":12},"end":{"line":35,"column":13}},"loc":{"start":{"line":35,"column":18},"end":{"line":54,"column":3}},"line":35},"3":{"name":"(anonymous_3)","decl":{"start":{"line":36,"column":76},"end":{"line":36,"column":77}},"loc":{"start":{"line":36,"column":87},"end":{"line":41,"column":5}},"line":36},"4":{"name":"(anonymous_4)","decl":{"start":{"line":43,"column":76},"end":{"line":43,"column":77}},"loc":{"start":{"line":43,"column":82},"end":{"line":48,"column":5}},"line":43},"5":{"name":"(anonymous_5)","decl":{"start":{"line":50,"column":11},"end":{"line":50,"column":12}},"loc":{"start":{"line":50,"column":17},"end":{"line":53,"column":5}},"line":50},"6":{"name":"(anonymous_6)","decl":{"start":{"line":56,"column":47},"end":{"line":56,"column":48}},"loc":{"start":{"line":56,"column":53},"end":{"line":64,"column":3}},"line":56},"7":{"name":"(anonymous_7)","decl":{"start":{"line":94,"column":28},"end":{"line":94,"column":29}},"loc":{"start":{"line":94,"column":38},"end":{"line":94,"column":68}},"line":94},"8":{"name":"(anonymous_8)","decl":{"start":{"line":99,"column":47},"end":{"line":99,"column":48}},"loc":{"start":{"line":99,"column":59},"end":{"line":120,"column":15}},"line":99},"9":{"name":"(anonymous_9)","decl":{"start":{"line":111,"column":29},"end":{"line":111,"column":30}},"loc":{"start":{"line":111,"column":35},"end":{"line":111,"column":65}},"line":111},"10":{"name":"(anonymous_10)","decl":{"start":{"line":125,"column":23},"end":{"line":125,"column":24}},"loc":{"start":{"line":125,"column":29},"end":{"line":125,"column":52}},"line":125},"11":{"name":"(anonymous_11)","decl":{"start":{"line":154,"column":24},"end":{"line":154,"column":25}},"loc":{"start":{"line":154,"column":30},"end":{"line":154,"column":54}},"line":154},"12":{"name":"(anonymous_12)","decl":{"start":{"line":160,"column":39},"end":{"line":160,"column":40}},"loc":{"start":{"line":160,"column":45},"end":{"line":160,"column":69}},"line":160},"13":{"name":"(anonymous_13)","decl":{"start":{"line":169,"column":26},"end":{"line":169,"column":27}},"loc":{"start":{"line":169,"column":36},"end":{"line":172,"column":13}},"line":169},"14":{"name":"(anonymous_14)","decl":{"start":{"line":179,"column":28},"end":{"line":179,"column":29}},"loc":{"start":{"line":179,"column":45},"end":{"line":179,"column":56}},"line":179},"15":{"name":"(anonymous_15)","decl":{"start":{"line":181,"column":38},"end":{"line":181,"column":39}},"loc":{"start":{"line":182,"column":16},"end":{"line":185,"column":18}},"line":182},"16":{"name":"(anonymous_16)","decl":{"start":{"line":187,"column":26},"end":{"line":187,"column":27}},"loc":{"start":{"line":188,"column":16},"end":{"line":200,"column":35}},"line":188},"17":{"name":"(anonymous_17)","decl":{"start":{"line":189,"column":27},"end":{"line":189,"column":28}},"loc":{"start":{"line":189,"column":33},"end":{"line":195,"column":19}},"line":189}},"branchMap":{"0":{"loc":{"start":{"line":32,"column":4},"end":{"line":32,"column":29}},"type":"if","locations":[{"start":{"line":32,"column":4},"end":{"line":32,"column":29}},{"start":{},"end":{}}],"line":32},"1":{"loc":{"start":{"line":67,"column":4},"end":{"line":69,"column":35}},"type":"binary-expr","locations":[{"start":{"line":67,"column":4},"end":{"line":67,"column":39}},{"start":{"line":68,"column":4},"end":{"line":68,"column":28}},{"start":{"line":69,"column":4},"end":{"line":69,"column":35}}],"line":67},"2":{"loc":{"start":{"line":75,"column":16},"end":{"line":75,"column":60}},"type":"cond-expr","locations":[{"start":{"line":75,"column":40},"end":{"line":75,"column":49}},{"start":{"line":75,"column":52},"end":{"line":75,"column":60}}],"line":75},"3":{"loc":{"start":{"line":101,"column":18},"end":{"line":105,"column":30}},"type":"cond-expr","locations":[{"start":{"line":102,"column":22},"end":{"line":102,"column":36}},{"start":{"line":103,"column":22},"end":{"line":105,"column":30}}],"line":101},"4":{"loc":{"start":{"line":103,"column":22},"end":{"line":105,"column":30}},"type":"cond-expr","locations":[{"start":{"line":104,"column":24},"end":{"line":104,"column":43}},{"start":{"line":105,"column":24},"end":{"line":105,"column":30}}],"line":103},"5":{"loc":{"start":{"line":112,"column":62},"end":{"line":112,"column":107}},"type":"cond-expr","locations":[{"start":{"line":112,"column":75},"end":{"line":112,"column":90}},{"start":{"line":112,"column":93},"end":{"line":112,"column":107}}],"line":112},"6":{"loc":{"start":{"line":113,"column":63},"end":{"line":113,"column":95}},"type":"cond-expr","locations":[{"start":{"line":113,"column":76},"end":{"line":113,"column":85}},{"start":{"line":113,"column":88},"end":{"line":113,"column":95}}],"line":113},"7":{"loc":{"start":{"line":115,"column":61},"end":{"line":115,"column":105}},"type":"cond-expr","locations":[{"start":{"line":115,"column":74},"end":{"line":115,"column":90}},{"start":{"line":115,"column":93},"end":{"line":115,"column":105}}],"line":115},"8":{"loc":{"start":{"line":128,"column":17},"end":{"line":128,"column":64}},"type":"binary-expr","locations":[{"start":{"line":128,"column":17},"end":{"line":128,"column":41}},{"start":{"line":128,"column":45},"end":{"line":128,"column":64}}],"line":128},"9":{"loc":{"start":{"line":138,"column":18},"end":{"line":138,"column":77}},"type":"cond-expr","locations":[{"start":{"line":138,"column":28},"end":{"line":138,"column":43}},{"start":{"line":138,"column":46},"end":{"line":138,"column":77}}],"line":138}},"s":{"0":84,"1":84,"2":84,"3":84,"4":84,"5":84,"6":24,"7":0,"8":84,"9":24,"10":0,"11":24,"12":0,"13":24,"14":24,"15":24,"16":84,"17":39,"18":84,"19":84,"20":13,"21":252,"22":252,"23":252,"24":15,"25":17,"26":0,"27":0,"28":0,"29":0,"30":51,"31":17,"32":34,"33":15,"34":15},"f":{"0":84,"1":24,"2":24,"3":0,"4":0,"5":24,"6":39,"7":13,"8":252,"9":15,"10":17,"11":0,"12":0,"13":0,"14":51,"15":17,"16":34,"17":15},"b":{"0":[0,24],"1":[84,52,39],"2":[84,0],"3":[84,168],"4":[84,84],"5":[41,211],"6":[41,211],"7":[41,211],"8":[84,69],"9":[13,71]},"_coverageSchema":"1a1c01bbd47fc00a2c39e90264f33305004495a9","hash":"a66658cb59c3367de7132620d7aead67767569db"}
,"/Users/sitan/Desktop/Site fin d'annee/Dev3_new/AstroMood_app/frontend/features/chart/services/generate-chart.service.ts": {"path":"/Users/sitan/Desktop/Site fin d'annee/Dev3_new/AstroMood_app/frontend/features/chart/services/generate-chart.service.ts","statementMap":{"0":{"start":{"line":10,"column":29},"end":{"line":44,"column":1}},"1":{"start":{"line":11,"column":2},"end":{"line":43,"column":3}},"2":{"start":{"line":12,"column":4},"end":{"line":21,"column":5}},"3":{"start":{"line":19,"column":6},"end":{"line":19,"column":61}},"4":{"start":{"line":20,"column":6},"end":{"line":20,"column":64}},"5":{"start":{"line":23,"column":4},"end":{"line":23,"column":55}},"6":{"start":{"line":25,"column":21},"end":{"line":29,"column":6}},"7":{"start":{"line":31,"column":4},"end":{"line":34,"column":5}},"8":{"start":{"line":32,"column":24},"end":{"line":32,"column":45}},"9":{"start":{"line":33,"column":6},"end":{"line":33,"column":69}},"10":{"start":{"line":36,"column":19},"end":{"line":36,"column":40}},"11":{"start":{"line":37,"column":4},"end":{"line":37,"column":57}},"12":{"start":{"line":39,"column":4},"end":{"line":39,"column":18}},"13":{"start":{"line":41,"column":4},"end":{"line":41,"column":60}},"14":{"start":{"line":42,"column":4},"end":{"line":42,"column":16}}},"fnMap":{"0":{"name":"(anonymous_0)","decl":{"start":{"line":10,"column":29},"end":{"line":10,"column":30}},"loc":{"start":{"line":10,"column":60},"end":{"line":44,"column":1}},"line":10}},"branchMap":{"0":{"loc":{"start":{"line":12,"column":4},"end":{"line":21,"column":5}},"type":"if","locations":[{"start":{"line":12,"column":4},"end":{"line":21,"column":5}},{"start":{},"end":{}}],"line":12},"1":{"loc":{"start":{"line":13,"column":6},"end":{"line":17,"column":33}},"type":"binary-expr","locations":[{"start":{"line":13,"column":6},"end":{"line":13,"column":23}},{"start":{"line":14,"column":6},"end":{"line":14,"column":23}},{"start":{"line":15,"column":6},"end":{"line":15,"column":27}},{"start":{"line":16,"column":6},"end":{"line":16,"column":28}},{"start":{"line":17,"column":6},"end":{"line":17,"column":33}}],"line":13},"2":{"loc":{"start":{"line":31,"column":4},"end":{"line":34,"column":5}},"type":"if","locations":[{"start":{"line":31,"column":4},"end":{"line":34,"column":5}},{"start":{},"end":{}}],"line":31},"3":{"loc":{"start":{"line":33,"column":22},"end":{"line":33,"column":67}},"type":"binary-expr","locations":[{"start":{"line":33,"column":22},"end":{"line":33,"column":37}},{"start":{"line":33,"column":41},"end":{"line":33,"column":67}}],"line":33}},"s":{"0":2,"1":0,"2":0,"3":0,"4":0,"5":0,"6":0,"7":0,"8":0,"9":0,"10":0,"11":0,"12":0,"13":0,"14":0},"f":{"0":0},"b":{"0":[0,0],"1":[0,0,0,0,0],"2":[0,0],"3":[0,0]},"_coverageSchema":"1a1c01bbd47fc00a2c39e90264f33305004495a9","hash":"25a18ee26f2b6839ab595fe7211a220889259c9f"}
,"/Users/sitan/Desktop/Site fin d'annee/Dev3_new/AstroMood_app/frontend/features/compatibility/compatibility.screen.tsx": {"path":"/Users/sitan/Desktop/Site fin d'annee/Dev3_new/AstroMood_app/frontend/features/compatibility/compatibility.screen.tsx","statementMap":{"0":{"start":{"line":12,"column":21},"end":{"line":12,"column":70}},"1":{"start":{"line":12,"column":47},"end":{"line":12,"column":69}},"2":{"start":{"line":14,"column":17},"end":{"line":14,"column":33}},"3":{"start":{"line":15,"column":16},"end":{"line":15,"column":29}},"4":{"start":{"line":16,"column":21},"end":{"line":16,"column":83}},"5":{"start":{"line":19,"column":4},"end":{"line":19,"column":101}},"6":{"start":{"line":21,"column":4},"end":{"line":21,"column":100}},"7":{"start":{"line":22,"column":20},"end":{"line":22,"column":59}},"8":{"start":{"line":24,"column":2},"end":{"line":33,"column":34}},"9":{"start":{"line":25,"column":4},"end":{"line":32,"column":7}},"10":{"start":{"line":27,"column":8},"end":{"line":29,"column":15}},"11":{"start":{"line":35,"column":2},"end":{"line":170,"column":4}},"12":{"start":{"line":42,"column":23},"end":{"line":42,"column":70}},"13":{"start":{"line":69,"column":23},"end":{"line":69,"column":67}}},"fnMap":{"0":{"name":"CompatibilityScreen","decl":{"start":{"line":11,"column":24},"end":{"line":11,"column":43}},"loc":{"start":{"line":11,"column":46},"end":{"line":171,"column":1}},"line":11},"1":{"name":"(anonymous_1)","decl":{"start":{"line":12,"column":36},"end":{"line":12,"column":37}},"loc":{"start":{"line":12,"column":47},"end":{"line":12,"column":69}},"line":12},"2":{"name":"(anonymous_2)","decl":{"start":{"line":24,"column":18},"end":{"line":24,"column":19}},"loc":{"start":{"line":24,"column":24},"end":{"line":33,"column":3}},"line":24},"3":{"name":"(anonymous_3)","decl":{"start":{"line":26,"column":19},"end":{"line":26,"column":20}},"loc":{"start":{"line":27,"column":8},"end":{"line":29,"column":15}},"line":27},"4":{"name":"(anonymous_4)","decl":{"start":{"line":42,"column":17},"end":{"line":42,"column":18}},"loc":{"start":{"line":42,"column":23},"end":{"line":42,"column":70}},"line":42},"5":{"name":"(anonymous_5)","decl":{"start":{"line":69,"column":17},"end":{"line":69,"column":18}},"loc":{"start":{"line":69,"column":23},"end":{"line":69,"column":67}},"line":69}},"branchMap":{"0":{"loc":{"start":{"line":22,"column":20},"end":{"line":22,"column":59}},"type":"cond-expr","locations":[{"start":{"line":22,"column":33},"end":{"line":22,"column":44}},{"start":{"line":22,"column":47},"end":{"line":22,"column":59}}],"line":22}},"s":{"0":4,"1":6,"2":3,"3":3,"4":3,"5":3,"6":3,"7":3,"8":3,"9":3,"10":0,"11":3,"12":0,"13":0},"f":{"0":4,"1":6,"2":3,"3":0,"4":0,"5":0},"b":{"0":[0,3]},"_coverageSchema":"1a1c01bbd47fc00a2c39e90264f33305004495a9","hash":"99fef761f774ef6501582afbbc361c4cec7af61c"}
,"/Users/sitan/Desktop/Site fin d'annee/Dev3_new/AstroMood_app/frontend/features/explore/explore.screen.tsx": {"path":"/Users/sitan/Desktop/Site fin d'annee/Dev3_new/AstroMood_app/frontend/features/explore/explore.screen.tsx","statementMap":{"0":{"start":{"line":12,"column":21},"end":{"line":12,"column":70}},"1":{"start":{"line":12,"column":47},"end":{"line":12,"column":69}},"2":{"start":{"line":13,"column":21},"end":{"line":13,"column":83}},"3":{"start":{"line":15,"column":17},"end":{"line":15,"column":33}},"4":{"start":{"line":16,"column":16},"end":{"line":16,"column":29}},"5":{"start":{"line":18,"column":2},"end":{"line":27,"column":34}},"6":{"start":{"line":19,"column":4},"end":{"line":26,"column":7}},"7":{"start":{"line":21,"column":8},"end":{"line":23,"column":15}},"8":{"start":{"line":29,"column":2},"end":{"line":117,"column":4}},"9":{"start":{"line":36,"column":23},"end":{"line":36,"column":57}},"10":{"start":{"line":60,"column":23},"end":{"line":60,"column":57}},"11":{"start":{"line":88,"column":10},"end":{"line":91,"column":11}}},"fnMap":{"0":{"name":"ExploreScreen","decl":{"start":{"line":11,"column":24},"end":{"line":11,"column":37}},"loc":{"start":{"line":11,"column":40},"end":{"line":118,"column":1}},"line":11},"1":{"name":"(anonymous_1)","decl":{"start":{"line":12,"column":36},"end":{"line":12,"column":37}},"loc":{"start":{"line":12,"column":47},"end":{"line":12,"column":69}},"line":12},"2":{"name":"(anonymous_2)","decl":{"start":{"line":18,"column":18},"end":{"line":18,"column":19}},"loc":{"start":{"line":18,"column":24},"end":{"line":27,"column":3}},"line":18},"3":{"name":"(anonymous_3)","decl":{"start":{"line":20,"column":19},"end":{"line":20,"column":20}},"loc":{"start":{"line":21,"column":8},"end":{"line":23,"column":15}},"line":21},"4":{"name":"(anonymous_4)","decl":{"start":{"line":36,"column":17},"end":{"line":36,"column":18}},"loc":{"start":{"line":36,"column":23},"end":{"line":36,"column":57}},"line":36},"5":{"name":"(anonymous_5)","decl":{"start":{"line":60,"column":17},"end":{"line":60,"column":18}},"loc":{"start":{"line":60,"column":23},"end":{"line":60,"column":57}},"line":60},"6":{"name":"(anonymous_6)","decl":{"start":{"line":87,"column":17},"end":{"line":87,"column":18}},"loc":{"start":{"line":88,"column":10},"end":{"line":91,"column":11}},"line":88}},"branchMap":{},"s":{"0":5,"1":8,"2":4,"3":4,"4":4,"5":4,"6":4,"7":0,"8":4,"9":0,"10":0,"11":0},"f":{"0":5,"1":8,"2":4,"3":0,"4":0,"5":0,"6":0},"b":{},"_coverageSchema":"1a1c01bbd47fc00a2c39e90264f33305004495a9","hash":"76c39121de7268d986554920c57f1b4b6b4a83ef"}
,"/Users/sitan/Desktop/Site fin d'annee/Dev3_new/AstroMood_app/frontend/features/explore/components/learn.screen.component.tsx": {"path":"/Users/sitan/Desktop/Site fin d'annee/Dev3_new/AstroMood_app/frontend/features/explore/components/learn.screen.component.tsx","statementMap":{"0":{"start":{"line":13,"column":21},"end":{"line":13,"column":83}},"1":{"start":{"line":15,"column":17},"end":{"line":15,"column":33}},"2":{"start":{"line":16,"column":16},"end":{"line":16,"column":29}},"3":{"start":{"line":18,"column":17},"end":{"line":21,"column":3}},"4":{"start":{"line":19,"column":4},"end":{"line":20,"column":29}},"5":{"start":{"line":19,"column":16},"end":{"line":19,"column":25}},"6":{"start":{"line":20,"column":9},"end":{"line":20,"column":29}},"7":{"start":{"line":23,"column":2},"end":{"line":44,"column":22}},"8":{"start":{"line":24,"column":4},"end":{"line":43,"column":7}},"9":{"start":{"line":32,"column":8},"end":{"line":41,"column":27}},"10":{"start":{"line":46,"column":19},"end":{"line":57,"column":3}},"11":{"start":{"line":60,"column":19},"end":{"line":63,"column":3}},"12":{"start":{"line":61,"column":29},"end":{"line":61,"column":47}},"13":{"start":{"line":62,"column":4},"end":{"line":62,"column":50}},"14":{"start":{"line":66,"column":29},"end":{"line":87,"column":3}},"15":{"start":{"line":67,"column":24},"end":{"line":67,"column":62}},"16":{"start":{"line":69,"column":4},"end":{"line":86,"column":5}},"17":{"start":{"line":70,"column":6},"end":{"line":80,"column":8}},"18":{"start":{"line":82,"column":6},"end":{"line":85,"column":9}},"19":{"start":{"line":90,"column":23},"end":{"line":101,"column":3}},"20":{"start":{"line":91,"column":4},"end":{"line":96,"column":5}},"21":{"start":{"line":92,"column":6},"end":{"line":95,"column":8}},"22":{"start":{"line":97,"column":4},"end":{"line":100,"column":6}},"23":{"start":{"line":104,"column":23},"end":{"line":109,"column":3}},"24":{"start":{"line":105,"column":4},"end":{"line":107,"column":5}},"25":{"start":{"line":106,"column":6},"end":{"line":106,"column":39}},"26":{"start":{"line":108,"column":4},"end":{"line":108,"column":21}},"27":{"start":{"line":111,"column":2},"end":{"line":185,"column":4}},"28":{"start":{"line":117,"column":32},"end":{"line":117,"column":53}},"29":{"start":{"line":118,"column":29},"end":{"line":118,"column":46}},"30":{"start":{"line":120,"column":14},"end":{"line":179,"column":16}},"31":{"start":{"line":124,"column":35},"end":{"line":124,"column":62}}},"fnMap":{"0":{"name":"LearnScreen","decl":{"start":{"line":12,"column":24},"end":{"line":12,"column":35}},"loc":{"start":{"line":12,"column":53},"end":{"line":186,"column":1}},"line":12},"1":{"name":"(anonymous_1)","decl":{"start":{"line":18,"column":17},"end":{"line":18,"column":18}},"loc":{"start":{"line":18,"column":23},"end":{"line":21,"column":3}},"line":18},"2":{"name":"(anonymous_2)","decl":{"start":{"line":23,"column":18},"end":{"line":23,"column":19}},"loc":{"start":{"line":23,"column":24},"end":{"line":44,"column":3}},"line":23},"3":{"name":"(anonymous_3)","decl":{"start":{"line":31,"column":18},"end":{"line":31,"column":19}},"loc":{"start":{"line":32,"column":8},"end":{"line":41,"column":27}},"line":32},"4":{"name":"(anonymous_4)","decl":{"start":{"line":60,"column":19},"end":{"line":60,"column":20}},"loc":{"start":{"line":60,"column":54},"end":{"line":63,"column":3}},"line":60},"5":{"name":"(anonymous_5)","decl":{"start":{"line":66,"column":29},"end":{"line":66,"column":30}},"loc":{"start":{"line":66,"column":64},"end":{"line":87,"column":3}},"line":66},"6":{"name":"(anonymous_6)","decl":{"start":{"line":90,"column":23},"end":{"line":90,"column":24}},"loc":{"start":{"line":90,"column":58},"end":{"line":101,"column":3}},"line":90},"7":{"name":"(anonymous_7)","decl":{"start":{"line":104,"column":23},"end":{"line":104,"column":24}},"loc":{"start":{"line":104,"column":77},"end":{"line":109,"column":3}},"line":104},"8":{"name":"(anonymous_8)","decl":{"start":{"line":116,"column":26},"end":{"line":116,"column":27}},"loc":{"start":{"line":116,"column":44},"end":{"line":180,"column":13}},"line":116},"9":{"name":"(anonymous_9)","decl":{"start":{"line":124,"column":29},"end":{"line":124,"column":30}},"loc":{"start":{"line":124,"column":35},"end":{"line":124,"column":62}},"line":124}},"branchMap":{"0":{"loc":{"start":{"line":19,"column":4},"end":{"line":20,"column":29}},"type":"if","locations":[{"start":{"line":19,"column":4},"end":{"line":20,"column":29}},{"start":{"line":20,"column":9},"end":{"line":20,"column":29}}],"line":19},"1":{"loc":{"start":{"line":69,"column":4},"end":{"line":86,"column":5}},"type":"if","locations":[{"start":{"line":69,"column":4},"end":{"line":86,"column":5}},{"start":{"line":81,"column":11},"end":{"line":86,"column":5}}],"line":69},"2":{"loc":{"start":{"line":91,"column":4},"end":{"line":96,"column":5}},"type":"if","locations":[{"start":{"line":91,"column":4},"end":{"line":96,"column":5}},{"start":{},"end":{}}],"line":91},"3":{"loc":{"start":{"line":105,"column":4},"end":{"line":107,"column":5}},"type":"if","locations":[{"start":{"line":105,"column":4},"end":{"line":107,"column":5}},{"start":{},"end":{}}],"line":105},"4":{"loc":{"start":{"line":123,"column":35},"end":{"line":123,"column":53}},"type":"cond-expr","locations":[{"start":{"line":123,"column":44},"end":{"line":123,"column":47}},{"start":{"line":123,"column":50},"end":{"line":123,"column":53}}],"line":123},"5":{"loc":{"start":{"line":158,"column":25},"end":{"line":174,"column":25}},"type":"cond-expr","locations":[{"start":{"line":159,"column":26},"end":{"line":165,"column":33}},{"start":{"line":167,"column":26},"end":{"line":173,"column":33}}],"line":158}},"s":{"0":6,"1":6,"2":6,"3":6,"4":0,"5":0,"6":0,"7":6,"8":0,"9":0,"10":6,"11":6,"12":12,"13":12,"14":6,"15":0,"16":0,"17":0,"18":0,"19":6,"20":6,"21":0,"22":6,"23":6,"24":0,"25":0,"26":0,"27":6,"28":6,"29":6,"30":6,"31":0},"f":{"0":6,"1":0,"2":0,"3":0,"4":12,"5":0,"6":6,"7":0,"8":6,"9":0},"b":{"0":[0,0],"1":[0,0],"2":[0,6],"3":[0,0],"4":[0,0],"5":[0,0]},"_coverageSchema":"1a1c01bbd47fc00a2c39e90264f33305004495a9","hash":"53044013aa6a0b521190853f406dcbbe974d301c"}
,"/Users/sitan/Desktop/Site fin d'annee/Dev3_new/AstroMood_app/frontend/shared/hooks.ts": {"path":"/Users/sitan/Desktop/Site fin d'annee/Dev3_new/AstroMood_app/frontend/shared/hooks.ts","statementMap":{"0":{"start":{"line":5,"column":30},"end":{"line":5,"column":62}},"1":{"start":{"line":5,"column":36},"end":{"line":5,"column":62}},"2":{"start":{"line":6,"column":63},"end":{"line":6,"column":74}}},"fnMap":{"0":{"name":"(anonymous_0)","decl":{"start":{"line":5,"column":30},"end":{"line":5,"column":31}},"loc":{"start":{"line":5,"column":36},"end":{"line":5,"column":62}},"line":5}},"branchMap":{},"s":{"0":6,"1":13,"2":6},"f":{"0":13},"b":{},"_coverageSchema":"1a1c01bbd47fc00a2c39e90264f33305004495a9","hash":"5acfacfda267e162217dca702aa614ce9f8a9a36"}
,"/Users/sitan/Desktop/Site fin d'annee/Dev3_new/AstroMood_app/frontend/shared/hooks/useLanguage.ts": {"path":"/Users/sitan/Desktop/Site fin d'annee/Dev3_new/AstroMood_app/frontend/shared/hooks/useLanguage.ts","statementMap":{"0":{"start":{"line":7,"column":27},"end":{"line":39,"column":1}},"1":{"start":{"line":8,"column":22},"end":{"line":8,"column":38}},"2":{"start":{"line":9,"column":19},"end":{"line":9,"column":35}},"3":{"start":{"line":10,"column":26},"end":{"line":10,"column":92}},"4":{"start":{"line":10,"column":52},"end":{"line":10,"column":91}},"5":{"start":{"line":13,"column":2},"end":{"line":17,"column":30}},"6":{"start":{"line":14,"column":4},"end":{"line":16,"column":5}},"7":{"start":{"line":15,"column":6},"end":{"line":15,"column":43}},"8":{"start":{"line":19,"column":25},"end":{"line":21,"column":3}},"9":{"start":{"line":20,"column":4},"end":{"line":20,"column":32}},"10":{"start":{"line":23,"column":34},"end":{"line":31,"column":3}},"11":{"start":{"line":24,"column":4},"end":{"line":30,"column":5}},"12":{"start":{"line":26,"column":8},"end":{"line":26,"column":26}},"13":{"start":{"line":29,"column":8},"end":{"line":29,"column":29}},"14":{"start":{"line":33,"column":2},"end":{"line":38,"column":4}}},"fnMap":{"0":{"name":"(anonymous_0)","decl":{"start":{"line":7,"column":27},"end":{"line":7,"column":28}},"loc":{"start":{"line":7,"column":33},"end":{"line":39,"column":1}},"line":7},"1":{"name":"(anonymous_1)","decl":{"start":{"line":10,"column":41},"end":{"line":10,"column":42}},"loc":{"start":{"line":10,"column":52},"end":{"line":10,"column":91}},"line":10},"2":{"name":"(anonymous_2)","decl":{"start":{"line":13,"column":12},"end":{"line":13,"column":13}},"loc":{"start":{"line":13,"column":18},"end":{"line":17,"column":3}},"line":13},"3":{"name":"(anonymous_3)","decl":{"start":{"line":19,"column":25},"end":{"line":19,"column":26}},"loc":{"start":{"line":19,"column":43},"end":{"line":21,"column":3}},"line":19},"4":{"name":"(anonymous_4)","decl":{"start":{"line":23,"column":34},"end":{"line":23,"column":35}},"loc":{"start":{"line":23,"column":40},"end":{"line":31,"column":3}},"line":23}},"branchMap":{"0":{"loc":{"start":{"line":10,"column":52},"end":{"line":10,"column":91}},"type":"binary-expr","locations":[{"start":{"line":10,"column":52},"end":{"line":10,"column":83}},{"start":{"line":10,"column":87},"end":{"line":10,"column":91}}],"line":10},"1":{"loc":{"start":{"line":14,"column":4},"end":{"line":16,"column":5}},"type":"if","locations":[{"start":{"line":14,"column":4},"end":{"line":16,"column":5}},{"start":{},"end":{}}],"line":14},"2":{"loc":{"start":{"line":14,"column":8},"end":{"line":14,"column":60}},"type":"binary-expr","locations":[{"start":{"line":14,"column":8},"end":{"line":14,"column":23}},{"start":{"line":14,"column":27},"end":{"line":14,"column":60}}],"line":14},"3":{"loc":{"start":{"line":24,"column":4},"end":{"line":30,"column":5}},"type":"switch","locations":[{"start":{"line":25,"column":6},"end":{"line":26,"column":26}},{"start":{"line":27,"column":6},"end":{"line":27,"column":16}},{"start":{"line":28,"column":6},"end":{"line":29,"column":29}}],"line":24}},"s":{"0":3,"1":13,"2":13,"3":13,"4":26,"5":13,"6":7,"7":7,"8":13,"9":0,"10":13,"11":0,"12":0,"13":0,"14":13},"f":{"0":13,"1":26,"2":7,"3":0,"4":0},"b":{"0":[26,0],"1":[7,0],"2":[7,7],"3":[0,0,0]},"_coverageSchema":"1a1c01bbd47fc00a2c39e90264f33305004495a9","hash":"ec1ef9da1010b855b601bbb4b63eac5a810d28b1"}
,"/Users/sitan/Desktop/Site fin d'annee/Dev3_new/AstroMood_app/frontend/shared/hooks/useThemeColors.ts": {"path":"/Users/sitan/Desktop/Site fin d'annee/Dev3_new/AstroMood_app/frontend/shared/hooks/useThemeColors.ts","statementMap":{"0":{"start":{"line":3,"column":30},"end":{"line":74,"column":1}},"1":{"start":{"line":4,"column":21},"end":{"line":4,"column":70}},"2":{"start":{"line":4,"column":47},"end":{"line":4,"column":69}},"3":{"start":{"line":6,"column":2},"end":{"line":73,"column":4}}},"fnMap":{"0":{"name":"(anonymous_0)","decl":{"start":{"line":3,"column":30},"end":{"line":3,"column":31}},"loc":{"start":{"line":3,"column":36},"end":{"line":74,"column":1}},"line":3},"1":{"name":"(anonymous_1)","decl":{"start":{"line":4,"column":36},"end":{"line":4,"column":37}},"loc":{"start":{"line":4,"column":47},"end":{"line":4,"column":69}},"line":4}},"branchMap":{"0":{"loc":{"start":{"line":7,"column":21},"end":{"line":7,"column":55}},"type":"cond-expr","locations":[{"start":{"line":7,"column":34},"end":{"line":7,"column":43}},{"start":{"line":7,"column":46},"end":{"line":7,"column":55}}],"line":7},"1":{"loc":{"start":{"line":8,"column":12},"end":{"line":8,"column":64}},"type":"cond-expr","locations":[{"start":{"line":8,"column":25},"end":{"line":8,"column":44}},{"start":{"line":8,"column":47},"end":{"line":8,"column":64}}],"line":8},"2":{"loc":{"start":{"line":9,"column":13},"end":{"line":9,"column":57}},"type":"cond-expr","locations":[{"start":{"line":9,"column":26},"end":{"line":9,"column":40}},{"start":{"line":9,"column":43},"end":{"line":9,"column":57}}],"line":9},"3":{"loc":{"start":{"line":10,"column":13},"end":{"line":10,"column":57}},"type":"cond-expr","locations":[{"start":{"line":10,"column":26},"end":{"line":10,"column":40}},{"start":{"line":10,"column":43},"end":{"line":10,"column":57}}],"line":10},"4":{"loc":{"start":{"line":11,"column":14},"end":{"line":11,"column":58}},"type":"cond-expr","locations":[{"start":{"line":11,"column":27},"end":{"line":11,"column":41}},{"start":{"line":11,"column":44},"end":{"line":11,"column":58}}],"line":11},"5":{"loc":{"start":{"line":12,"column":15},"end":{"line":12,"column":59}},"type":"cond-expr","locations":[{"start":{"line":12,"column":28},"end":{"line":12,"column":42}},{"start":{"line":12,"column":45},"end":{"line":12,"column":59}}],"line":12},"6":{"loc":{"start":{"line":13,"column":14},"end":{"line":13,"column":58}},"type":"cond-expr","locations":[{"start":{"line":13,"column":27},"end":{"line":13,"column":41}},{"start":{"line":13,"column":44},"end":{"line":13,"column":58}}],"line":13},"7":{"loc":{"start":{"line":14,"column":12},"end":{"line":14,"column":56}},"type":"cond-expr","locations":[{"start":{"line":14,"column":25},"end":{"line":14,"column":39}},{"start":{"line":14,"column":42},"end":{"line":14,"column":56}}],"line":14},"8":{"loc":{"start":{"line":15,"column":19},"end":{"line":15,"column":63}},"type":"cond-expr","locations":[{"start":{"line":15,"column":32},"end":{"line":15,"column":46}},{"start":{"line":15,"column":49},"end":{"line":15,"column":63}}],"line":15},"9":{"loc":{"start":{"line":16,"column":13},"end":{"line":16,"column":47}},"type":"cond-expr","locations":[{"start":{"line":16,"column":26},"end":{"line":16,"column":35}},{"start":{"line":16,"column":38},"end":{"line":16,"column":47}}],"line":16},"10":{"loc":{"start":{"line":18,"column":15},"end":{"line":18,"column":49}},"type":"cond-expr","locations":[{"start":{"line":18,"column":28},"end":{"line":18,"column":37}},{"start":{"line":18,"column":40},"end":{"line":18,"column":49}}],"line":18},"11":{"loc":{"start":{"line":19,"column":16},"end":{"line":19,"column":50}},"type":"cond-expr","locations":[{"start":{"line":19,"column":29},"end":{"line":19,"column":38}},{"start":{"line":19,"column":41},"end":{"line":19,"column":50}}],"line":19},"12":{"loc":{"start":{"line":20,"column":17},"end":{"line":20,"column":68}},"type":"cond-expr","locations":[{"start":{"line":20,"column":30},"end":{"line":20,"column":48}},{"start":{"line":20,"column":51},"end":{"line":20,"column":68}}],"line":20},"13":{"loc":{"start":{"line":21,"column":19},"end":{"line":21,"column":67}},"type":"cond-expr","locations":[{"start":{"line":21,"column":32},"end":{"line":21,"column":48}},{"start":{"line":21,"column":51},"end":{"line":21,"column":67}}],"line":21},"14":{"loc":{"start":{"line":22,"column":15},"end":{"line":22,"column":63}},"type":"cond-expr","locations":[{"start":{"line":22,"column":28},"end":{"line":22,"column":44}},{"start":{"line":22,"column":47},"end":{"line":22,"column":63}}],"line":22},"15":{"loc":{"start":{"line":23,"column":15},"end":{"line":23,"column":61}},"type":"cond-expr","locations":[{"start":{"line":23,"column":28},"end":{"line":23,"column":42}},{"start":{"line":23,"column":45},"end":{"line":23,"column":61}}],"line":23},"16":{"loc":{"start":{"line":24,"column":21},"end":{"line":24,"column":72}},"type":"cond-expr","locations":[{"start":{"line":24,"column":34},"end":{"line":24,"column":51}},{"start":{"line":24,"column":54},"end":{"line":24,"column":72}}],"line":24},"17":{"loc":{"start":{"line":25,"column":17},"end":{"line":25,"column":65}},"type":"cond-expr","locations":[{"start":{"line":25,"column":30},"end":{"line":25,"column":46}},{"start":{"line":25,"column":49},"end":{"line":25,"column":65}}],"line":25},"18":{"loc":{"start":{"line":26,"column":17},"end":{"line":26,"column":65}},"type":"cond-expr","locations":[{"start":{"line":26,"column":30},"end":{"line":26,"column":46}},{"start":{"line":26,"column":49},"end":{"line":26,"column":65}}],"line":26},"19":{"loc":{"start":{"line":27,"column":16},"end":{"line":27,"column":67}},"type":"cond-expr","locations":[{"start":{"line":27,"column":29},"end":{"line":27,"column":46}},{"start":{"line":27,"column":49},"end":{"line":27,"column":67}}],"line":27},"20":{"loc":{"start":{"line":28,"column":15},"end":{"line":28,"column":49}},"type":"cond-expr","locations":[{"start":{"line":28,"column":28},"end":{"line":28,"column":37}},{"start":{"line":28,"column":40},"end":{"line":28,"column":49}}],"line":28},"21":{"loc":{"start":{"line":30,"column":22},"end":{"line":30,"column":70}},"type":"cond-expr","locations":[{"start":{"line":30,"column":35},"end":{"line":30,"column":51}},{"start":{"line":30,"column":54},"end":{"line":30,"column":70}}],"line":30},"22":{"loc":{"start":{"line":31,"column":20},"end":{"line":31,"column":70}},"type":"cond-expr","locations":[{"start":{"line":31,"column":33},"end":{"line":31,"column":51}},{"start":{"line":31,"column":54},"end":{"line":31,"column":70}}],"line":31},"23":{"loc":{"start":{"line":32,"column":24},"end":{"line":32,"column":73}},"type":"cond-expr","locations":[{"start":{"line":32,"column":37},"end":{"line":32,"column":54}},{"start":{"line":32,"column":57},"end":{"line":32,"column":73}}],"line":32},"24":{"loc":{"start":{"line":34,"column":15},"end":{"line":34,"column":49}},"type":"cond-expr","locations":[{"start":{"line":34,"column":28},"end":{"line":34,"column":37}},{"start":{"line":34,"column":40},"end":{"line":34,"column":49}}],"line":34},"25":{"loc":{"start":{"line":35,"column":18},"end":{"line":35,"column":52}},"type":"cond-expr","locations":[{"start":{"line":35,"column":31},"end":{"line":35,"column":40}},{"start":{"line":35,"column":43},"end":{"line":35,"column":52}}],"line":35},"26":{"loc":{"start":{"line":36,"column":19},"end":{"line":36,"column":53}},"type":"cond-expr","locations":[{"start":{"line":36,"column":32},"end":{"line":36,"column":41}},{"start":{"line":36,"column":44},"end":{"line":36,"column":53}}],"line":36},"27":{"loc":{"start":{"line":37,"column":22},"end":{"line":37,"column":56}},"type":"cond-expr","locations":[{"start":{"line":37,"column":35},"end":{"line":37,"column":44}},{"start":{"line":37,"column":47},"end":{"line":37,"column":56}}],"line":37},"28":{"loc":{"start":{"line":39,"column":12},"end":{"line":39,"column":64}},"type":"cond-expr","locations":[{"start":{"line":39,"column":25},"end":{"line":39,"column":43}},{"start":{"line":39,"column":46},"end":{"line":39,"column":64}}],"line":39},"29":{"loc":{"start":{"line":40,"column":17},"end":{"line":40,"column":74}},"type":"cond-expr","locations":[{"start":{"line":40,"column":30},"end":{"line":40,"column":51}},{"start":{"line":40,"column":54},"end":{"line":40,"column":74}}],"line":40},"30":{"loc":{"start":{"line":42,"column":18},"end":{"line":42,"column":52}},"type":"cond-expr","locations":[{"start":{"line":42,"column":31},"end":{"line":42,"column":40}},{"start":{"line":42,"column":43},"end":{"line":42,"column":52}}],"line":42},"31":{"loc":{"start":{"line":43,"column":17},"end":{"line":43,"column":51}},"type":"cond-expr","locations":[{"start":{"line":43,"column":30},"end":{"line":43,"column":39}},{"start":{"line":43,"column":42},"end":{"line":43,"column":51}}],"line":43},"32":{"loc":{"start":{"line":45,"column":16},"end":{"line":45,"column":45}},"type":"cond-expr","locations":[{"start":{"line":45,"column":29},"end":{"line":45,"column":35}},{"start":{"line":45,"column":38},"end":{"line":45,"column":45}}],"line":45},"33":{"loc":{"start":{"line":46,"column":18},"end":{"line":46,"column":52}},"type":"cond-expr","locations":[{"start":{"line":46,"column":31},"end":{"line":46,"column":40}},{"start":{"line":46,"column":43},"end":{"line":46,"column":52}}],"line":46},"34":{"loc":{"start":{"line":47,"column":20},"end":{"line":47,"column":54}},"type":"cond-expr","locations":[{"start":{"line":47,"column":33},"end":{"line":47,"column":42}},{"start":{"line":47,"column":45},"end":{"line":47,"column":54}}],"line":47},"35":{"loc":{"start":{"line":51,"column":20},"end":{"line":51,"column":64}},"type":"cond-expr","locations":[{"start":{"line":51,"column":33},"end":{"line":51,"column":47}},{"start":{"line":51,"column":50},"end":{"line":51,"column":64}}],"line":51},"36":{"loc":{"start":{"line":52,"column":16},"end":{"line":52,"column":60}},"type":"cond-expr","locations":[{"start":{"line":52,"column":29},"end":{"line":52,"column":43}},{"start":{"line":52,"column":46},"end":{"line":52,"column":60}}],"line":52},"37":{"loc":{"start":{"line":53,"column":16},"end":{"line":53,"column":60}},"type":"cond-expr","locations":[{"start":{"line":53,"column":29},"end":{"line":53,"column":43}},{"start":{"line":53,"column":46},"end":{"line":53,"column":60}}],"line":53},"38":{"loc":{"start":{"line":54,"column":16},"end":{"line":54,"column":60}},"type":"cond-expr","locations":[{"start":{"line":54,"column":29},"end":{"line":54,"column":43}},{"start":{"line":54,"column":46},"end":{"line":54,"column":60}}],"line":54},"39":{"loc":{"start":{"line":55,"column":21},"end":{"line":55,"column":69}},"type":"cond-expr","locations":[{"start":{"line":55,"column":34},"end":{"line":55,"column":50}},{"start":{"line":55,"column":53},"end":{"line":55,"column":69}}],"line":55},"40":{"loc":{"start":{"line":56,"column":23},"end":{"line":56,"column":71}},"type":"cond-expr","locations":[{"start":{"line":56,"column":36},"end":{"line":56,"column":52}},{"start":{"line":56,"column":55},"end":{"line":56,"column":71}}],"line":56},"41":{"loc":{"start":{"line":57,"column":21},"end":{"line":57,"column":69}},"type":"cond-expr","locations":[{"start":{"line":57,"column":34},"end":{"line":57,"column":50}},{"start":{"line":57,"column":53},"end":{"line":57,"column":69}}],"line":57},"42":{"loc":{"start":{"line":58,"column":23},"end":{"line":58,"column":75}},"type":"cond-expr","locations":[{"start":{"line":58,"column":36},"end":{"line":58,"column":54}},{"start":{"line":58,"column":57},"end":{"line":58,"column":75}}],"line":58},"43":{"loc":{"start":{"line":59,"column":20},"end":{"line":59,"column":68}},"type":"cond-expr","locations":[{"start":{"line":59,"column":33},"end":{"line":59,"column":49}},{"start":{"line":59,"column":52},"end":{"line":59,"column":68}}],"line":59},"44":{"loc":{"start":{"line":60,"column":17},"end":{"line":60,"column":61}},"type":"cond-expr","locations":[{"start":{"line":60,"column":30},"end":{"line":60,"column":44}},{"start":{"line":60,"column":47},"end":{"line":60,"column":61}}],"line":60},"45":{"loc":{"start":{"line":63,"column":14},"end":{"line":63,"column":48}},"type":"cond-expr","locations":[{"start":{"line":63,"column":27},"end":{"line":63,"column":36}},{"start":{"line":63,"column":39},"end":{"line":63,"column":48}}],"line":63},"46":{"loc":{"start":{"line":64,"column":15},"end":{"line":64,"column":49}},"type":"cond-expr","locations":[{"start":{"line":64,"column":28},"end":{"line":64,"column":37}},{"start":{"line":64,"column":40},"end":{"line":64,"column":49}}],"line":64},"47":{"loc":{"start":{"line":67,"column":17},"end":{"line":67,"column":51}},"type":"cond-expr","locations":[{"start":{"line":67,"column":30},"end":{"line":67,"column":39}},{"start":{"line":67,"column":42},"end":{"line":67,"column":51}}],"line":67},"48":{"loc":{"start":{"line":68,"column":16},"end":{"line":68,"column":50}},"type":"cond-expr","locations":[{"start":{"line":68,"column":29},"end":{"line":68,"column":38}},{"start":{"line":68,"column":41},"end":{"line":68,"column":50}}],"line":68}},"s":{"0":6,"1":386,"2":508,"3":386},"f":{"0":386,"1":508},"b":{"0":[2,384],"1":[2,384],"2":[2,384],"3":[2,384],"4":[2,384],"5":[2,384],"6":[2,384],"7":[2,384],"8":[2,384],"9":[2,384],"10":[2,384],"11":[2,384],"12":[2,384],"13":[2,384],"14":[2,384],"15":[2,384],"16":[2,384],"17":[2,384],"18":[2,384],"19":[2,384],"20":[2,384],"21":[2,384],"22":[2,384],"23":[2,384],"24":[2,384],"25":[2,384],"26":[2,384],"27":[2,384],"28":[2,384],"29":[2,384],"30":[2,384],"31":[2,384],"32":[2,384],"33":[2,384],"34":[2,384],"35":[2,384],"36":[2,384],"37":[2,384],"38":[2,384],"39":[2,384],"40":[2,384],"41":[2,384],"42":[2,384],"43":[2,384],"44":[2,384],"45":[2,384],"46":[2,384],"47":[2,384],"48":[2,384]},"_coverageSchema":"1a1c01bbd47fc00a2c39e90264f33305004495a9","hash":"711d9353784b3e1ff1747a24b9e63614d7fab9a5"}
,"/Users/sitan/Desktop/Site fin d'annee/Dev3_new/AstroMood_app/frontend/shared/language/languageSlice.ts": {"path":"/Users/sitan/Desktop/Site fin d'annee/Dev3_new/AstroMood_app/frontend/shared/language/languageSlice.ts","statementMap":{"0":{"start":{"line":8,"column":36},"end":{"line":10,"column":1}},"1":{"start":{"line":12,"column":22},"end":{"line":20,"column":2}},"2":{"start":{"line":17,"column":6},"end":{"line":17,"column":45}},"3":{"start":{"line":22,"column":31},"end":{"line":22,"column":52}}},"fnMap":{"0":{"name":"(anonymous_0)","decl":{"start":{"line":16,"column":17},"end":{"line":16,"column":18}},"loc":{"start":{"line":16,"column":59},"end":{"line":18,"column":5}},"line":16}},"branchMap":{},"s":{"0":4,"1":4,"2":0,"3":4},"f":{"0":0},"b":{},"_coverageSchema":"1a1c01bbd47fc00a2c39e90264f33305004495a9","hash":"c1fc350568f27914e99c456c3d7414ada531ec46"}
,"/Users/sitan/Desktop/Site fin d'annee/Dev3_new/AstroMood_app/frontend/shared/theme/themeSlice.ts": {"path":"/Users/sitan/Desktop/Site fin d'annee/Dev3_new/AstroMood_app/frontend/shared/theme/themeSlice.ts","statementMap":{"0":{"start":{"line":7,"column":33},"end":{"line":9,"column":1}},"1":{"start":{"line":11,"column":19},"end":{"line":22,"column":2}},"2":{"start":{"line":16,"column":6},"end":{"line":16,"column":43}},"3":{"start":{"line":19,"column":6},"end":{"line":19,"column":40}},"4":{"start":{"line":24,"column":47},"end":{"line":24,"column":65}}},"fnMap":{"0":{"name":"(anonymous_0)","decl":{"start":{"line":15,"column":20},"end":{"line":15,"column":21}},"loc":{"start":{"line":15,"column":31},"end":{"line":17,"column":5}},"line":15},"1":{"name":"(anonymous_1)","decl":{"start":{"line":18,"column":17},"end":{"line":18,"column":18}},"loc":{"start":{"line":18,"column":36},"end":{"line":20,"column":5}},"line":18}},"branchMap":{},"s":{"0":6,"1":6,"2":0,"3":0,"4":6},"f":{"0":0,"1":0},"b":{},"_coverageSchema":"1a1c01bbd47fc00a2c39e90264f33305004495a9","hash":"ebd482f0520eaf9ee8fe51b7e4f1f4b8700db486"}
}
