TN:
SF:app/store.ts
FN:21,(anonymous_0)
FNF:1
FNH:1
FNDA:4,(anonymous_0)
DA:9,4
DA:14,4
DA:16,4
DA:22,4
DA:27,4
LF:5
LH:5
BRF:0
BRH:0
end_of_record
TN:
SF:features/auth/AuthHomeScreen.tsx
FN:5,AuthHomeScreen
FN:6,(anonymous_1)
FN:52,(anonymous_2)
FN:75,(anonymous_3)
FNF:4
FNH:4
FNDA:3,AuthHomeScreen
FNDA:6,(anonymous_1)
FNDA:1,(anonymous_2)
FNDA:1,(anonymous_3)
DA:6,6
DA:8,3
DA:9,3
DA:10,3
DA:11,3
DA:12,3
DA:13,3
DA:15,3
DA:17,3
DA:19,3
DA:23,3
DA:52,1
DA:75,1
LF:13
LH:13
BRDA:8,0,0,0
BRDA:8,0,1,3
BRDA:9,1,0,0
BRDA:9,1,1,3
BRDA:10,2,0,0
BRDA:10,2,1,3
BRDA:11,3,0,0
BRDA:11,3,1,3
BRDA:12,4,0,0
BRDA:12,4,1,3
BRDA:13,5,0,0
BRDA:13,5,1,3
BRDA:15,6,0,0
BRDA:15,6,1,3
BRDA:17,7,0,0
BRDA:17,7,1,3
BRDA:19,8,0,0
BRDA:19,8,1,3
BRF:18
BRH:9
end_of_record
TN:
SF:features/auth/AuthSlice.ts
FN:39,(anonymous_0)
FN:42,(anonymous_1)
FN:45,(anonymous_2)
FN:51,(anonymous_3)
FN:56,(anonymous_4)
FNF:5
FNH:0
FNDA:0,(anonymous_0)
FNDA:0,(anonymous_1)
FNDA:0,(anonymous_2)
FNDA:0,(anonymous_3)
FNDA:0,(anonymous_4)
DA:28,4
DA:35,4
DA:40,0
DA:43,0
DA:46,0
DA:47,0
DA:48,0
DA:49,0
DA:52,0
DA:53,0
DA:57,0
DA:58,0
DA:59,0
DA:60,0
DA:66,4
LF:15
LH:3
BRDA:52,0,0,0
BRDA:52,0,1,0
BRF:2
BRH:0
end_of_record
TN:
SF:features/compatibility/CompatibilityScreen.tsx
FN:9,CompatibilityScreen
FN:10,(anonymous_1)
FN:30,(anonymous_2)
FN:32,(anonymous_3)
FN:46,(anonymous_4)
FN:78,(anonymous_5)
FNF:6
FNH:3
FNDA:4,CompatibilityScreen
FNDA:6,(anonymous_1)
FNDA:3,(anonymous_2)
FNDA:0,(anonymous_3)
FNDA:0,(anonymous_4)
FNDA:0,(anonymous_5)
DA:10,6
DA:12,3
DA:13,3
DA:14,3
DA:15,3
DA:17,3
DA:20,3
DA:22,3
DA:23,3
DA:25,3
DA:26,3
DA:27,3
DA:28,3
DA:30,3
DA:31,3
DA:33,0
DA:41,3
DA:46,0
DA:78,0
LF:19
LH:16
BRDA:12,0,0,0
BRDA:12,0,1,3
BRDA:13,1,0,0
BRDA:13,1,1,3
BRDA:14,2,0,0
BRDA:14,2,1,3
BRDA:15,3,0,0
BRDA:15,3,1,3
BRDA:23,4,0,0
BRDA:23,4,1,3
BRDA:25,5,0,0
BRDA:25,5,1,3
BRDA:26,6,0,0
BRDA:26,6,1,3
BRDA:27,7,0,0
BRDA:27,7,1,3
BRDA:28,8,0,0
BRDA:28,8,1,3
BRDA:56,9,0,0
BRDA:56,9,1,3
BRDA:124,10,0,0
BRDA:124,10,1,3
BRF:22
BRH:11
end_of_record
TN:
SF:features/explore/ExploreScreen.tsx
FN:9,ExploreScreen
FN:10,(anonymous_1)
FN:22,(anonymous_2)
FN:24,(anonymous_3)
FN:38,(anonymous_4)
FN:57,(anonymous_5)
FN:83,(anonymous_6)
FNF:7
FNH:6
FNDA:4,ExploreScreen
FNDA:8,(anonymous_1)
FNDA:4,(anonymous_2)
FNDA:0,(anonymous_3)
FNDA:1,(anonymous_4)
FNDA:1,(anonymous_5)
FNDA:1,(anonymous_6)
DA:10,8
DA:11,4
DA:13,4
DA:14,4
DA:15,4
DA:16,4
DA:17,4
DA:18,4
DA:19,4
DA:20,4
DA:22,4
DA:23,4
DA:25,0
DA:33,4
DA:38,1
DA:57,1
DA:83,1
LF:17
LH:16
BRDA:13,0,0,0
BRDA:13,0,1,4
BRDA:14,1,0,0
BRDA:14,1,1,4
BRDA:15,2,0,0
BRDA:15,2,1,4
BRDA:16,3,0,0
BRDA:16,3,1,4
BRDA:17,4,0,0
BRDA:17,4,1,4
BRDA:18,5,0,0
BRDA:18,5,1,4
BRDA:19,6,0,0
BRDA:19,6,1,4
BRDA:20,7,0,0
BRDA:20,7,1,4
BRF:16
BRH:8
end_of_record
TN:
SF:features/explore/components/LearnScreen.tsx
FN:11,LearnScreen
FN:14,(anonymous_1)
FN:25,(anonymous_2)
FN:30,(anonymous_3)
FN:38,(anonymous_4)
FN:107,(anonymous_5)
FN:113,(anonymous_6)
FN:135,(anonymous_7)
FN:149,(anonymous_8)
FN:161,(anonymous_9)
FN:169,(anonymous_10)
FNF:11
FNH:9
FNDA:3,LearnScreen
FNDA:6,(anonymous_1)
FNDA:0,(anonymous_2)
FNDA:3,(anonymous_3)
FNDA:0,(anonymous_4)
FNDA:152,(anonymous_5)
FNDA:2,(anonymous_6)
FNDA:30,(anonymous_7)
FNDA:90,(anonymous_8)
FNDA:30,(anonymous_9)
FNDA:2,(anonymous_10)
DA:12,3
DA:14,6
DA:16,3
DA:17,3
DA:18,3
DA:19,3
DA:20,3
DA:22,3
DA:23,3
DA:25,3
DA:26,0
DA:27,0
DA:30,3
DA:31,3
DA:39,0
DA:53,3
DA:107,3
DA:108,152
DA:109,152
DA:113,3
DA:114,2
DA:115,1
DA:127,1
DA:135,3
DA:136,30
DA:137,21
DA:142,9
DA:149,3
DA:150,90
DA:151,63
DA:153,27
DA:156,3
DA:162,30
DA:163,30
DA:165,30
DA:169,2
LF:36
LH:33
BRDA:16,0,0,0
BRDA:16,0,1,3
BRDA:17,1,0,0
BRDA:17,1,1,3
BRDA:18,2,0,0
BRDA:18,2,1,3
BRDA:19,3,0,0
BRDA:19,3,1,3
BRDA:20,4,0,0
BRDA:20,4,1,3
BRDA:22,5,0,0
BRDA:22,5,1,3
BRDA:23,6,0,0
BRDA:23,6,1,3
BRDA:26,7,0,0
BRDA:26,7,1,0
BRDA:114,8,0,1
BRDA:114,8,1,1
BRDA:136,9,0,21
BRDA:136,9,1,9
BRDA:150,10,0,63
BRDA:150,10,1,27
BRDA:168,11,0,21
BRDA:168,11,1,9
BRDA:203,12,0,21
BRDA:203,12,1,9
BRF:26
BRH:17
end_of_record
TN:
SF:shared/hooks.ts
FN:5,(anonymous_0)
FNF:1
FNH:0
FNDA:0,(anonymous_0)
DA:5,4
DA:6,4
LF:2
LH:2
BRF:0
BRH:0
end_of_record
TN:
SF:shared/theme/themeSlice.ts
FN:15,(anonymous_0)
FN:18,(anonymous_1)
FNF:2
FNH:0
FNDA:0,(anonymous_0)
FNDA:0,(anonymous_1)
DA:7,4
DA:11,4
DA:16,0
DA:19,0
DA:24,4
LF:5
LH:3
BRF:0
BRH:0
end_of_record
