TN:
SF:app/store.ts
FN:28,(anonymous_0)
FNF:1
FNH:1
FNDA:4,(anonymous_0)
DA:9,4
DA:14,4
DA:19,4
DA:20,4
DA:22,4
DA:29,4
DA:36,4
LF:7
LH:7
BRF:0
BRH:0
end_of_record
TN:
SF:features/auth/AuthHomeScreen.tsx
FN:9,AuthHomeScreen
FN:12,(anonymous_1)
FN:50,(anonymous_2)
FN:73,(anonymous_3)
FNF:4
FNH:2
FNDA:7,AuthHomeScreen
FNDA:12,(anonymous_1)
FNDA:0,(anonymous_2)
FNDA:0,(anonymous_3)
DA:10,7
DA:12,12
DA:14,6
DA:16,6
DA:20,6
DA:50,0
DA:73,0
LF:7
LH:5
BRDA:16,0,0,0
BRDA:16,0,1,6
BRF:2
BRH:1
end_of_record
TN:
SF:features/auth/AuthSlice.ts
FN:39,(anonymous_0)
FN:42,(anonymous_1)
FN:45,(anonymous_2)
FN:51,(anonymous_3)
FN:56,(anonymous_4)
FNF:5
FNH:0
FNDA:0,(anonymous_0)
FNDA:0,(anonymous_1)
FNDA:0,(anonymous_2)
FNDA:0,(anonymous_3)
FNDA:0,(anonymous_4)
DA:28,6
DA:35,6
DA:40,0
DA:43,0
DA:46,0
DA:47,0
DA:48,0
DA:49,0
DA:52,0
DA:53,0
DA:57,0
DA:58,0
DA:59,0
DA:60,0
DA:66,6
LF:15
LH:3
BRDA:52,0,0,0
BRDA:52,0,1,0
BRF:2
BRH:0
end_of_record
TN:
SF:features/auth/SignUpScreen.tsx
FN:13,SignUpScreen
FN:30,(anonymous_1)
FN:31,(anonymous_2)
FN:33,(anonymous_3)
FN:33,(anonymous_4)
FN:34,(anonymous_5)
FN:34,(anonymous_6)
FN:36,(anonymous_7)
FN:78,(anonymous_8)
FN:86,(anonymous_9)
FN:89,(anonymous_10)
FNF:11
FNH:7
FNDA:169,SignUpScreen
FNDA:99,(anonymous_1)
FNDA:99,(anonymous_2)
FNDA:37,(anonymous_3)
FNDA:37,(anonymous_4)
FNDA:0,(anonymous_5)
FNDA:0,(anonymous_6)
FNDA:5,(anonymous_7)
FNDA:169,(anonymous_8)
FNDA:0,(anonymous_9)
FNDA:0,(anonymous_10)
DA:16,169
DA:18,169
DA:19,169
DA:30,169
DA:31,99
DA:33,169
DA:34,169
DA:36,169
DA:37,5
DA:38,5
DA:39,5
DA:40,5
DA:42,0
DA:43,0
DA:44,0
DA:45,0
DA:49,0
DA:50,0
DA:51,0
DA:52,0
DA:65,0
DA:66,0
DA:69,0
DA:70,0
DA:73,0
DA:74,0
DA:78,169
DA:79,169
DA:81,169
DA:87,0
DA:90,0
DA:91,0
DA:93,0
DA:109,169
LF:34
LH:16
BRDA:38,0,0,5
BRDA:38,0,1,0
BRDA:38,1,0,5
BRDA:38,1,1,0
BRDA:38,1,2,0
BRDA:38,1,3,0
BRDA:50,2,0,0
BRDA:50,2,1,0
BRDA:50,3,0,0
BRDA:50,3,1,0
BRDA:65,4,0,0
BRDA:65,4,1,0
BRDA:90,5,0,0
BRDA:90,5,1,0
BRDA:101,6,0,0
BRDA:101,6,1,0
BRDA:111,7,0,169
BRDA:111,7,1,89
BRDA:112,8,0,169
BRDA:112,8,1,67
BRDA:115,9,0,169
BRDA:115,9,1,13
BRF:22
BRH:8
end_of_record
TN:
SF:features/auth/useAuth.ts
FN:13,(anonymous_0)
FN:65,(anonymous_1)
FN:122,(anonymous_2)
FN:152,(anonymous_3)
FN:157,(anonymous_4)
FN:187,(anonymous_5)
FNF:6
FNH:0
FNDA:0,(anonymous_0)
FNDA:0,(anonymous_1)
FNDA:0,(anonymous_2)
FNDA:0,(anonymous_3)
FNDA:0,(anonymous_4)
FNDA:0,(anonymous_5)
DA:13,2
DA:26,0
DA:44,0
DA:56,0
DA:57,0
DA:59,0
DA:62,0
DA:65,2
DA:66,0
DA:67,0
DA:69,0
DA:74,0
DA:75,0
DA:76,0
DA:79,0
DA:80,0
DA:82,0
DA:104,0
DA:105,0
DA:106,0
DA:108,0
DA:117,0
DA:118,0
DA:120,0
DA:122,0
DA:124,0
DA:126,0
DA:127,0
DA:129,0
DA:138,0
DA:140,0
DA:145,0
DA:147,0
DA:148,0
DA:152,2
DA:153,0
DA:154,0
DA:157,2
DA:158,0
DA:162,0
DA:163,0
DA:164,0
DA:166,0
DA:171,0
DA:173,0
DA:174,0
DA:175,0
DA:178,0
DA:179,0
DA:180,0
DA:182,0
DA:183,0
DA:187,2
DA:196,0
DA:200,0
DA:202,0
DA:203,0
DA:206,0
DA:215,0
DA:216,0
DA:219,0
DA:221,0
DA:222,0
DA:223,0
DA:226,0
DA:227,0
DA:229,0
DA:252,0
DA:254,0
DA:255,0
LF:70
LH:5
BRDA:56,0,0,0
BRDA:56,0,1,0
BRDA:74,1,0,0
BRDA:74,1,1,0
BRDA:79,2,0,0
BRDA:79,2,1,0
BRDA:79,3,0,0
BRDA:79,3,1,0
BRDA:80,4,0,0
BRDA:80,4,1,0
BRDA:86,5,0,0
BRDA:86,5,1,0
BRDA:87,6,0,0
BRDA:87,6,1,0
BRDA:104,7,0,0
BRDA:104,7,1,0
BRDA:126,8,0,0
BRDA:126,8,1,0
BRDA:127,9,0,0
BRDA:127,9,1,0
BRDA:163,10,0,0
BRDA:163,10,1,0
BRDA:163,11,0,0
BRDA:163,11,1,0
BRDA:164,12,0,0
BRDA:164,12,1,0
BRDA:173,13,0,0
BRDA:173,13,1,0
BRDA:175,14,0,0
BRDA:175,14,1,0
BRDA:202,15,0,0
BRDA:202,15,1,0
BRDA:202,16,0,0
BRDA:202,16,1,0
BRDA:203,17,0,0
BRDA:203,17,1,0
BRDA:209,18,0,0
BRDA:209,18,1,0
BRDA:210,19,0,0
BRDA:210,19,1,0
BRDA:211,20,0,0
BRDA:211,20,1,0
BRDA:215,21,0,0
BRDA:215,21,1,0
BRDA:215,22,0,0
BRDA:215,22,1,0
BRDA:221,23,0,0
BRDA:221,23,1,0
BRDA:226,24,0,0
BRDA:226,24,1,0
BRDA:227,25,0,0
BRDA:227,25,1,0
BRDA:233,26,0,0
BRDA:233,26,1,0
BRDA:234,27,0,0
BRDA:234,27,1,0
BRDA:247,28,0,0
BRDA:247,28,1,0
BRF:58
BRH:0
end_of_record
TN:
SF:features/auth/components/StepOne.tsx
FN:16,StepOne
FN:27,(anonymous_1)
FN:28,(anonymous_2)
FN:34,(anonymous_3)
FN:41,(anonymous_4)
FN:47,(anonymous_5)
FN:57,(anonymous_6)
FN:62,(anonymous_7)
FN:66,(anonymous_8)
FN:71,(anonymous_9)
FN:76,(anonymous_10)
FN:81,(anonymous_11)
FN:138,(anonymous_12)
FN:138,(anonymous_13)
FNF:14
FNH:10
FNDA:97,StepOne
FNDA:33,(anonymous_1)
FNDA:0,(anonymous_2)
FNDA:0,(anonymous_3)
FNDA:33,(anonymous_4)
FNDA:45,(anonymous_5)
FNDA:30,(anonymous_6)
FNDA:30,(anonymous_7)
FNDA:28,(anonymous_8)
FNDA:4,(anonymous_9)
FNDA:28,(anonymous_10)
FNDA:4,(anonymous_11)
FNDA:0,(anonymous_12)
FNDA:0,(anonymous_13)
DA:19,97
DA:21,97
DA:22,97
DA:23,97
DA:25,97
DA:27,97
DA:28,33
DA:29,0
DA:34,33
DA:35,0
DA:41,33
DA:42,33
DA:43,33
DA:47,97
DA:48,45
DA:57,97
DA:58,30
DA:59,30
DA:62,97
DA:63,30
DA:66,97
DA:67,28
DA:68,28
DA:71,97
DA:72,4
DA:73,2
DA:76,97
DA:77,28
DA:78,28
DA:81,97
DA:82,4
DA:83,2
DA:84,2
DA:88,97
DA:93,97
DA:138,0
LF:36
LH:33
BRDA:68,0,0,2
BRDA:68,0,1,26
BRDA:68,1,0,28
BRDA:68,1,1,2
BRDA:72,2,0,2
BRDA:72,2,1,2
BRDA:78,3,0,2
BRDA:78,3,1,26
BRDA:78,4,0,28
BRDA:78,4,1,2
BRDA:82,5,0,2
BRDA:82,5,1,2
BRDA:88,6,0,97
BRDA:88,6,1,56
BRDA:88,6,2,24
BRDA:88,6,3,24
BRDA:97,7,0,97
BRDA:97,7,1,0
BRDA:112,8,0,2
BRDA:112,8,1,95
BRDA:113,9,0,2
BRDA:113,9,1,95
BRDA:140,10,0,0
BRDA:140,10,1,97
BRDA:152,11,0,24
BRDA:152,11,1,73
BRF:26
BRH:24
end_of_record
TN:
SF:features/auth/components/StepThree.tsx
FN:8,StepThree
FN:16,(anonymous_1)
FN:18,(anonymous_2)
FN:41,(anonymous_3)
FN:49,(anonymous_4)
FN:76,(anonymous_5)
FN:87,(anonymous_6)
FN:92,(anonymous_7)
FN:106,(anonymous_8)
FN:118,(anonymous_9)
FN:123,(anonymous_10)
FNF:11
FNH:5
FNDA:17,StepThree
FNDA:17,(anonymous_1)
FNDA:17,(anonymous_2)
FNDA:2,(anonymous_3)
FNDA:2,(anonymous_4)
FNDA:0,(anonymous_5)
FNDA:0,(anonymous_6)
FNDA:0,(anonymous_7)
FNDA:0,(anonymous_8)
FNDA:0,(anonymous_9)
FNDA:0,(anonymous_10)
DA:11,17
DA:13,17
DA:14,17
DA:16,17
DA:17,17
DA:18,17
DA:19,17
DA:23,17
DA:41,2
DA:49,2
DA:76,0
DA:87,0
DA:92,0
DA:106,0
DA:118,0
DA:123,0
LF:16
LH:10
BRDA:17,0,0,0
BRDA:17,0,1,17
BRDA:19,1,0,0
BRDA:19,1,1,17
BRDA:83,2,0,17
BRDA:83,2,1,17
BRDA:87,3,0,0
BRDA:87,3,1,0
BRDA:113,4,0,17
BRDA:113,4,1,17
BRDA:118,5,0,0
BRDA:118,5,1,0
BRF:12
BRH:6
end_of_record
TN:
SF:features/auth/components/StepTwo.tsx
FN:20,StepTwo
FN:31,(anonymous_1)
FN:35,(anonymous_2)
FN:36,(anonymous_3)
FN:43,(anonymous_4)
FN:50,(anonymous_5)
FN:56,(anonymous_6)
FN:94,(anonymous_7)
FN:99,(anonymous_8)
FN:111,(anonymous_9)
FN:125,(anonymous_10)
FN:154,(anonymous_11)
FN:160,(anonymous_12)
FN:169,(anonymous_13)
FN:179,(anonymous_14)
FN:181,(anonymous_15)
FN:187,(anonymous_16)
FN:189,(anonymous_17)
FNF:18
FNH:13
FNDA:84,StepTwo
FNDA:24,(anonymous_1)
FNDA:24,(anonymous_2)
FNDA:0,(anonymous_3)
FNDA:0,(anonymous_4)
FNDA:24,(anonymous_5)
FNDA:39,(anonymous_6)
FNDA:13,(anonymous_7)
FNDA:252,(anonymous_8)
FNDA:15,(anonymous_9)
FNDA:17,(anonymous_10)
FNDA:0,(anonymous_11)
FNDA:0,(anonymous_12)
FNDA:0,(anonymous_13)
FNDA:51,(anonymous_14)
FNDA:17,(anonymous_15)
FNDA:34,(anonymous_16)
FNDA:15,(anonymous_17)
DA:23,84
DA:25,84
DA:27,84
DA:28,84
DA:29,84
DA:31,84
DA:32,24
DA:35,84
DA:36,24
DA:37,0
DA:43,24
DA:44,0
DA:50,24
DA:51,24
DA:52,24
DA:56,84
DA:57,39
DA:67,84
DA:71,84
DA:94,13
DA:101,252
DA:107,252
DA:108,252
DA:111,15
DA:125,17
DA:154,0
DA:160,0
DA:170,0
DA:171,0
DA:179,51
DA:182,17
DA:188,34
DA:190,15
DA:194,15
LF:34
LH:28
BRDA:32,0,0,0
BRDA:32,0,1,24
BRDA:67,1,0,84
BRDA:67,1,1,52
BRDA:67,1,2,39
BRDA:75,2,0,84
BRDA:75,2,1,0
BRDA:101,3,0,84
BRDA:101,3,1,168
BRDA:103,4,0,84
BRDA:103,4,1,84
BRDA:112,5,0,41
BRDA:112,5,1,211
BRDA:113,6,0,41
BRDA:113,6,1,211
BRDA:115,7,0,41
BRDA:115,7,1,211
BRDA:128,8,0,84
BRDA:128,8,1,69
BRDA:138,9,0,13
BRDA:138,9,1,71
BRF:21
BRH:19
end_of_record
TN:
SF:features/chart/services/generate-chart.service.ts
FN:10,(anonymous_0)
FNF:1
FNH:0
FNDA:0,(anonymous_0)
DA:10,2
DA:11,0
DA:12,0
DA:19,0
DA:20,0
DA:23,0
DA:25,0
DA:31,0
DA:32,0
DA:33,0
DA:36,0
DA:37,0
DA:39,0
DA:41,0
DA:42,0
LF:15
LH:1
BRDA:12,0,0,0
BRDA:12,0,1,0
BRDA:13,1,0,0
BRDA:13,1,1,0
BRDA:13,1,2,0
BRDA:13,1,3,0
BRDA:13,1,4,0
BRDA:31,2,0,0
BRDA:31,2,1,0
BRDA:33,3,0,0
BRDA:33,3,1,0
BRF:11
BRH:0
end_of_record
TN:
SF:features/compatibility/compatibility.screen.tsx
FN:11,CompatibilityScreen
FN:12,(anonymous_1)
FN:24,(anonymous_2)
FN:26,(anonymous_3)
FN:42,(anonymous_4)
FN:69,(anonymous_5)
FNF:6
FNH:3
FNDA:4,CompatibilityScreen
FNDA:6,(anonymous_1)
FNDA:3,(anonymous_2)
FNDA:0,(anonymous_3)
FNDA:0,(anonymous_4)
FNDA:0,(anonymous_5)
DA:12,6
DA:14,3
DA:15,3
DA:16,3
DA:19,3
DA:21,3
DA:22,3
DA:24,3
DA:25,3
DA:27,0
DA:35,3
DA:42,0
DA:69,0
LF:13
LH:10
BRDA:22,0,0,0
BRDA:22,0,1,3
BRF:2
BRH:1
end_of_record
TN:
SF:features/explore/explore.screen.tsx
FN:11,ExploreScreen
FN:12,(anonymous_1)
FN:18,(anonymous_2)
FN:20,(anonymous_3)
FN:36,(anonymous_4)
FN:60,(anonymous_5)
FN:87,(anonymous_6)
FNF:7
FNH:3
FNDA:5,ExploreScreen
FNDA:8,(anonymous_1)
FNDA:4,(anonymous_2)
FNDA:0,(anonymous_3)
FNDA:0,(anonymous_4)
FNDA:0,(anonymous_5)
FNDA:0,(anonymous_6)
DA:12,8
DA:13,4
DA:15,4
DA:16,4
DA:18,4
DA:19,4
DA:21,0
DA:29,4
DA:36,0
DA:60,0
DA:88,0
LF:11
LH:7
BRF:0
BRH:0
end_of_record
TN:
SF:features/explore/components/learn.screen.component.tsx
FN:12,LearnScreen
FN:18,(anonymous_1)
FN:23,(anonymous_2)
FN:31,(anonymous_3)
FN:60,(anonymous_4)
FN:66,(anonymous_5)
FN:90,(anonymous_6)
FN:104,(anonymous_7)
FN:116,(anonymous_8)
FN:124,(anonymous_9)
FNF:10
FNH:4
FNDA:6,LearnScreen
FNDA:0,(anonymous_1)
FNDA:0,(anonymous_2)
FNDA:0,(anonymous_3)
FNDA:12,(anonymous_4)
FNDA:0,(anonymous_5)
FNDA:6,(anonymous_6)
FNDA:0,(anonymous_7)
FNDA:6,(anonymous_8)
FNDA:0,(anonymous_9)
DA:13,6
DA:15,6
DA:16,6
DA:18,6
DA:19,0
DA:20,0
DA:23,6
DA:24,0
DA:32,0
DA:46,6
DA:60,6
DA:61,12
DA:62,12
DA:66,6
DA:67,0
DA:69,0
DA:70,0
DA:82,0
DA:90,6
DA:91,6
DA:92,0
DA:97,6
DA:104,6
DA:105,0
DA:106,0
DA:108,0
DA:111,6
DA:117,6
DA:118,6
DA:120,6
DA:124,0
LF:31
LH:18
BRDA:19,0,0,0
BRDA:19,0,1,0
BRDA:69,1,0,0
BRDA:69,1,1,0
BRDA:91,2,0,0
BRDA:91,2,1,6
BRDA:105,3,0,0
BRDA:105,3,1,0
BRDA:123,4,0,0
BRDA:123,4,1,0
BRDA:158,5,0,0
BRDA:158,5,1,0
BRF:12
BRH:1
end_of_record
TN:
SF:shared/hooks.ts
FN:5,(anonymous_0)
FNF:1
FNH:1
FNDA:13,(anonymous_0)
DA:5,13
DA:6,6
LF:2
LH:2
BRF:0
BRH:0
end_of_record
TN:
SF:shared/hooks/useLanguage.ts
FN:7,(anonymous_0)
FN:10,(anonymous_1)
FN:13,(anonymous_2)
FN:19,(anonymous_3)
FN:23,(anonymous_4)
FNF:5
FNH:3
FNDA:13,(anonymous_0)
FNDA:26,(anonymous_1)
FNDA:7,(anonymous_2)
FNDA:0,(anonymous_3)
FNDA:0,(anonymous_4)
DA:7,3
DA:8,13
DA:9,13
DA:10,26
DA:13,13
DA:14,7
DA:15,7
DA:19,13
DA:20,0
DA:23,13
DA:24,0
DA:26,0
DA:29,0
DA:33,13
LF:14
LH:10
BRDA:10,0,0,26
BRDA:10,0,1,0
BRDA:14,1,0,7
BRDA:14,1,1,0
BRDA:14,2,0,7
BRDA:14,2,1,7
BRDA:24,3,0,0
BRDA:24,3,1,0
BRDA:24,3,2,0
BRF:9
BRH:4
end_of_record
TN:
SF:shared/hooks/useThemeColors.ts
FN:3,(anonymous_0)
FN:4,(anonymous_1)
FNF:2
FNH:2
FNDA:386,(anonymous_0)
FNDA:508,(anonymous_1)
DA:3,6
DA:4,508
DA:6,386
LF:3
LH:3
BRDA:7,0,0,2
BRDA:7,0,1,384
BRDA:8,1,0,2
BRDA:8,1,1,384
BRDA:9,2,0,2
BRDA:9,2,1,384
BRDA:10,3,0,2
BRDA:10,3,1,384
BRDA:11,4,0,2
BRDA:11,4,1,384
BRDA:12,5,0,2
BRDA:12,5,1,384
BRDA:13,6,0,2
BRDA:13,6,1,384
BRDA:14,7,0,2
BRDA:14,7,1,384
BRDA:15,8,0,2
BRDA:15,8,1,384
BRDA:16,9,0,2
BRDA:16,9,1,384
BRDA:18,10,0,2
BRDA:18,10,1,384
BRDA:19,11,0,2
BRDA:19,11,1,384
BRDA:20,12,0,2
BRDA:20,12,1,384
BRDA:21,13,0,2
BRDA:21,13,1,384
BRDA:22,14,0,2
BRDA:22,14,1,384
BRDA:23,15,0,2
BRDA:23,15,1,384
BRDA:24,16,0,2
BRDA:24,16,1,384
BRDA:25,17,0,2
BRDA:25,17,1,384
BRDA:26,18,0,2
BRDA:26,18,1,384
BRDA:27,19,0,2
BRDA:27,19,1,384
BRDA:28,20,0,2
BRDA:28,20,1,384
BRDA:30,21,0,2
BRDA:30,21,1,384
BRDA:31,22,0,2
BRDA:31,22,1,384
BRDA:32,23,0,2
BRDA:32,23,1,384
BRDA:34,24,0,2
BRDA:34,24,1,384
BRDA:35,25,0,2
BRDA:35,25,1,384
BRDA:36,26,0,2
BRDA:36,26,1,384
BRDA:37,27,0,2
BRDA:37,27,1,384
BRDA:39,28,0,2
BRDA:39,28,1,384
BRDA:40,29,0,2
BRDA:40,29,1,384
BRDA:42,30,0,2
BRDA:42,30,1,384
BRDA:43,31,0,2
BRDA:43,31,1,384
BRDA:45,32,0,2
BRDA:45,32,1,384
BRDA:46,33,0,2
BRDA:46,33,1,384
BRDA:47,34,0,2
BRDA:47,34,1,384
BRDA:51,35,0,2
BRDA:51,35,1,384
BRDA:52,36,0,2
BRDA:52,36,1,384
BRDA:53,37,0,2
BRDA:53,37,1,384
BRDA:54,38,0,2
BRDA:54,38,1,384
BRDA:55,39,0,2
BRDA:55,39,1,384
BRDA:56,40,0,2
BRDA:56,40,1,384
BRDA:57,41,0,2
BRDA:57,41,1,384
BRDA:58,42,0,2
BRDA:58,42,1,384
BRDA:59,43,0,2
BRDA:59,43,1,384
BRDA:60,44,0,2
BRDA:60,44,1,384
BRDA:63,45,0,2
BRDA:63,45,1,384
BRDA:64,46,0,2
BRDA:64,46,1,384
BRDA:67,47,0,2
BRDA:67,47,1,384
BRDA:68,48,0,2
BRDA:68,48,1,384
BRF:98
BRH:98
end_of_record
TN:
SF:shared/language/languageSlice.ts
FN:16,(anonymous_0)
FNF:1
FNH:0
FNDA:0,(anonymous_0)
DA:8,4
DA:12,4
DA:17,0
DA:22,4
LF:4
LH:3
BRF:0
BRH:0
end_of_record
TN:
SF:shared/theme/themeSlice.ts
FN:15,(anonymous_0)
FN:18,(anonymous_1)
FNF:2
FNH:0
FNDA:0,(anonymous_0)
FNDA:0,(anonymous_1)
DA:7,6
DA:11,6
DA:16,0
DA:19,0
DA:24,6
LF:5
LH:3
BRF:0
BRH:0
end_of_record
